{"/Users/super/Documents/GitHub/hyperviz/packages/worker/src/index.ts": {"path":"/Users/super/Documents/GitHub/hyperviz/packages/worker/src/index.ts","statementMap":{"0":{"start":{"line":2,"column":0},"end":{"line":2,"column":33}},"1":{"start":{"line":5,"column":0},"end":{"line":5,"column":9}},"2":{"start":{"line":5,"column":9},"end":{"line":5,"column":51}},"3":{"start":{"line":6,"column":0},"end":{"line":6,"column":9}},"4":{"start":{"line":6,"column":9},"end":{"line":6,"column":77}},"5":{"start":{"line":9,"column":0},"end":{"line":9,"column":null}},"6":{"start":{"line":10,"column":2},"end":{"line":10,"column":null}},"7":{"start":{"line":11,"column":2},"end":{"line":11,"column":null}},"8":{"start":{"line":12,"column":2},"end":{"line":12,"column":null}},"9":{"start":{"line":13,"column":2},"end":{"line":13,"column":null}},"10":{"start":{"line":14,"column":2},"end":{"line":14,"column":null}}},"fnMap":{"0":{"name":"(anonymous_4)","decl":{"start":{"line":5,"column":9},"end":{"line":5,"column":19}},"loc":{"start":{"line":5,"column":9},"end":{"line":5,"column":51}}},"1":{"name":"(anonymous_5)","decl":{"start":{"line":6,"column":9},"end":{"line":6,"column":22}},"loc":{"start":{"line":6,"column":9},"end":{"line":6,"column":77}}},"2":{"name":"(anonymous_6)","decl":{"start":{"line":10,"column":2},"end":{"line":10,"column":12}},"loc":{"start":{"line":10,"column":2},"end":{"line":10,"column":null}}},"3":{"name":"(anonymous_7)","decl":{"start":{"line":11,"column":2},"end":{"line":11,"column":7}},"loc":{"start":{"line":11,"column":2},"end":{"line":11,"column":null}}},"4":{"name":"(anonymous_8)","decl":{"start":{"line":12,"column":2},"end":{"line":12,"column":10}},"loc":{"start":{"line":12,"column":2},"end":{"line":12,"column":null}}},"5":{"name":"(anonymous_9)","decl":{"start":{"line":13,"column":2},"end":{"line":13,"column":5}},"loc":{"start":{"line":13,"column":2},"end":{"line":13,"column":null}}},"6":{"name":"(anonymous_10)","decl":{"start":{"line":14,"column":2},"end":{"line":14,"column":15}},"loc":{"start":{"line":14,"column":2},"end":{"line":14,"column":null}}}},"branchMap":{},"s":{"0":1,"1":1,"2":4,"3":1,"4":1,"5":1,"6":1,"7":1,"8":1,"9":1,"10":1},"f":{"0":3,"1":0,"2":0,"3":0,"4":0,"5":0,"6":0},"b":{}}
,"/Users/super/Documents/GitHub/hyperviz/packages/worker/src/core/simple-calc-worker.ts": {"path":"/Users/super/Documents/GitHub/hyperviz/packages/worker/src/core/simple-calc-worker.ts","statementMap":{"0":{"start":{"line":8,"column":22},"end":{"line":8,"column":23}},"1":{"start":{"line":9,"column":26},"end":{"line":9,"column":27}},"2":{"start":{"line":10,"column":32},"end":{"line":10,"column":36}},"3":{"start":{"line":14,"column":2},"end":{"line":14,"column":71}},"4":{"start":{"line":25,"column":17},"end":{"line":25,"column":51}},"5":{"start":{"line":26,"column":19},"end":{"line":26,"column":50}},"6":{"start":{"line":27,"column":2},"end":{"line":27,"column":51}},"7":{"start":{"line":36,"column":17},"end":{"line":36,"column":51}},"8":{"start":{"line":37,"column":19},"end":{"line":37,"column":50}},"9":{"start":{"line":38,"column":2},"end":{"line":38,"column":60}},"10":{"start":{"line":46,"column":2},"end":{"line":50,"column":4}},"11":{"start":{"line":64,"column":2},"end":{"line":64,"column":20}},"12":{"start":{"line":65,"column":2},"end":{"line":65,"column":42}},"13":{"start":{"line":67,"column":2},"end":{"line":72,"column":5}},"14":{"start":{"line":84,"column":2},"end":{"line":139,"column":3}},"15":{"start":{"line":86,"column":4},"end":{"line":89,"column":5}},"16":{"start":{"line":87,"column":6},"end":{"line":87,"column":28}},"17":{"start":{"line":88,"column":6},"end":{"line":88,"column":13}},"18":{"start":{"line":92,"column":4},"end":{"line":95,"column":5}},"19":{"start":{"line":93,"column":6},"end":{"line":93,"column":48}},"20":{"start":{"line":94,"column":6},"end":{"line":94,"column":13}},"21":{"start":{"line":97,"column":35},"end":{"line":97,"column":42}},"22":{"start":{"line":98,"column":4},"end":{"line":98,"column":24}},"23":{"start":{"line":101,"column":4},"end":{"line":101,"column":22}},"24":{"start":{"line":102,"column":4},"end":{"line":104,"column":6}},"25":{"start":{"line":108,"column":4},"end":{"line":120,"column":5}},"26":{"start":{"line":110,"column":8},"end":{"line":110,"column":44}},"27":{"start":{"line":111,"column":8},"end":{"line":111,"column":14}},"28":{"start":{"line":113,"column":8},"end":{"line":113,"column":50}},"29":{"start":{"line":114,"column":8},"end":{"line":114,"column":14}},"30":{"start":{"line":116,"column":8},"end":{"line":116,"column":45}},"31":{"start":{"line":117,"column":8},"end":{"line":117,"column":14}},"32":{"start":{"line":119,"column":8},"end":{"line":119,"column":53}},"33":{"start":{"line":123,"column":4},"end":{"line":123,"column":22}},"34":{"start":{"line":124,"column":4},"end":{"line":124,"column":26}},"35":{"start":{"line":126,"column":4},"end":{"line":128,"column":6}},"36":{"start":{"line":131,"column":4},"end":{"line":136,"column":7}},"37":{"start":{"line":138,"column":4},"end":{"line":138,"column":74}},"38":{"start":{"line":148,"column":30},"end":{"line":148,"column":34}},"39":{"start":{"line":151,"column":2},"end":{"line":153,"column":3}},"40":{"start":{"line":152,"column":4},"end":{"line":152,"column":63}},"41":{"start":{"line":152,"column":35},"end":{"line":152,"column":61}},"42":{"start":{"line":155,"column":2},"end":{"line":159,"column":4}},"43":{"start":{"line":168,"column":30},"end":{"line":168,"column":34}},"44":{"start":{"line":171,"column":2},"end":{"line":173,"column":3}},"45":{"start":{"line":172,"column":4},"end":{"line":172,"column":63}},"46":{"start":{"line":172,"column":35},"end":{"line":172,"column":61}},"47":{"start":{"line":175,"column":2},"end":{"line":179,"column":4}},"48":{"start":{"line":188,"column":27},"end":{"line":188,"column":31}},"49":{"start":{"line":191,"column":2},"end":{"line":193,"column":3}},"50":{"start":{"line":192,"column":4},"end":{"line":192,"column":55}},"51":{"start":{"line":196,"column":20},"end":{"line":196,"column":30}},"52":{"start":{"line":199,"column":2},"end":{"line":201,"column":3}},"53":{"start":{"line":200,"column":4},"end":{"line":200,"column":63}},"54":{"start":{"line":200,"column":35},"end":{"line":200,"column":61}},"55":{"start":{"line":204,"column":15},"end":{"line":204,"column":16}},"56":{"start":{"line":205,"column":2},"end":{"line":238,"column":3}},"57":{"start":{"line":205,"column":15},"end":{"line":205,"column":16}},"58":{"start":{"line":206,"column":4},"end":{"line":206,"column":16}},"59":{"start":{"line":209,"column":4},"end":{"line":232,"column":5}},"60":{"start":{"line":210,"column":23},"end":{"line":210,"column":48}},"61":{"start":{"line":211,"column":6},"end":{"line":231,"column":7}},"62":{"start":{"line":212,"column":8},"end":{"line":220,"column":11}},"63":{"start":{"line":221,"column":13},"end":{"line":231,"column":7}},"64":{"start":{"line":222,"column":8},"end":{"line":230,"column":11}},"65":{"start":{"line":235,"column":4},"end":{"line":237,"column":5}},"66":{"start":{"line":236,"column":6},"end":{"line":236,"column":61}},"67":{"start":{"line":236,"column":37},"end":{"line":236,"column":59}},"68":{"start":{"line":240,"column":2},"end":{"line":245,"column":4}},"69":{"start":{"line":249,"column":0},"end":{"line":277,"column":1}},"70":{"start":{"line":251,"column":2},"end":{"line":251,"column":27}},"71":{"start":{"line":254,"column":2},"end":{"line":256,"column":5}},"72":{"start":{"line":255,"column":4},"end":{"line":255,"column":70}},"73":{"start":{"line":255,"column":46},"end":{"line":255,"column":68}},"74":{"start":{"line":258,"column":2},"end":{"line":276,"column":3}},"75":{"start":{"line":260,"column":26},"end":{"line":260,"column":51}},"76":{"start":{"line":261,"column":4},"end":{"line":261,"column":46}},"77":{"start":{"line":262,"column":4},"end":{"line":262,"column":46}},"78":{"start":{"line":264,"column":4},"end":{"line":264,"column":30}},"79":{"start":{"line":267,"column":4},"end":{"line":273,"column":5}},"80":{"start":{"line":268,"column":6},"end":{"line":272,"column":9}},"81":{"start":{"line":269,"column":8},"end":{"line":271,"column":10}},"82":{"start":{"line":270,"column":10},"end":{"line":270,"column":42}},"83":{"start":{"line":275,"column":4},"end":{"line":275,"column":47}},"84":{"start":{"line":280,"column":0},"end":{"line":280,"column":18}}},"fnMap":{"0":{"name":"logTask","decl":{"start":{"line":24,"column":9},"end":{"line":24,"column":16}},"loc":{"start":{"line":24,"column":32},"end":{"line":28,"column":1}}},"1":{"name":"logError","decl":{"start":{"line":35,"column":9},"end":{"line":35,"column":17}},"loc":{"start":{"line":35,"column":46},"end":{"line":39,"column":1}}},"2":{"name":"getWorkerStats","decl":{"start":{"line":45,"column":9},"end":{"line":45,"column":23}},"loc":{"start":{"line":45,"column":23},"end":{"line":51,"column":1}}},"3":{"name":"handleError","decl":{"start":{"line":59,"column":9},"end":{"line":59,"column":20}},"loc":{"start":{"line":62,"column":29},"end":{"line":73,"column":1}}},"4":{"name":"handleMessage","decl":{"start":{"line":80,"column":15},"end":{"line":80,"column":28}},"loc":{"start":{"line":82,"column":29},"end":{"line":140,"column":1}}},"5":{"name":"handleAddition","decl":{"start":{"line":147,"column":15},"end":{"line":147,"column":29}},"loc":{"start":{"line":147,"column":39},"end":{"line":160,"column":1}}},"6":{"name":"(anonymous_6)","decl":{"start":{"line":152,"column":22},"end":{"line":152,"column":23}},"loc":{"start":{"line":152,"column":35},"end":{"line":152,"column":61}}},"7":{"name":"handleMultiplication","decl":{"start":{"line":167,"column":15},"end":{"line":167,"column":35}},"loc":{"start":{"line":167,"column":45},"end":{"line":180,"column":1}}},"8":{"name":"(anonymous_8)","decl":{"start":{"line":172,"column":22},"end":{"line":172,"column":23}},"loc":{"start":{"line":172,"column":35},"end":{"line":172,"column":61}}},"9":{"name":"handleFactorial","decl":{"start":{"line":187,"column":15},"end":{"line":187,"column":30}},"loc":{"start":{"line":187,"column":40},"end":{"line":246,"column":1}}},"10":{"name":"(anonymous_10)","decl":{"start":{"line":200,"column":22},"end":{"line":200,"column":23}},"loc":{"start":{"line":200,"column":35},"end":{"line":200,"column":61}}},"11":{"name":"(anonymous_11)","decl":{"start":{"line":236,"column":24},"end":{"line":236,"column":25}},"loc":{"start":{"line":236,"column":37},"end":{"line":236,"column":59}}},"12":{"name":"(anonymous_12)","decl":{"start":{"line":254,"column":35},"end":{"line":254,"column":40}},"loc":{"start":{"line":254,"column":51},"end":{"line":256,"column":3}}},"13":{"name":"(anonymous_13)","decl":{"start":{"line":255,"column":36},"end":{"line":255,"column":37}},"loc":{"start":{"line":255,"column":46},"end":{"line":255,"column":68}}},"14":{"name":"(anonymous_14)","decl":{"start":{"line":268,"column":35},"end":{"line":268,"column":40}},"loc":{"start":{"line":268,"column":58},"end":{"line":272,"column":7}}},"15":{"name":"(anonymous_15)","decl":{"start":{"line":269,"column":37},"end":{"line":269,"column":38}},"loc":{"start":{"line":270,"column":10},"end":{"line":270,"column":42}}}},"branchMap":{"0":{"loc":{"start":{"line":14,"column":2},"end":{"line":14,"column":71}},"type":"binary-expr","locations":[{"start":{"line":14,"column":2},"end":{"line":14,"column":29}},{"start":{"line":14,"column":33},"end":{"line":14,"column":71}}]},"1":{"loc":{"start":{"line":25,"column":17},"end":{"line":25,"column":51}},"type":"cond-expr","locations":[{"start":{"line":25,"column":31},"end":{"line":25,"column":39}},{"start":{"line":25,"column":42},"end":{"line":25,"column":51}}]},"2":{"loc":{"start":{"line":26,"column":19},"end":{"line":26,"column":50}},"type":"binary-expr","locations":[{"start":{"line":26,"column":19},"end":{"line":26,"column":37}},{"start":{"line":26,"column":41},"end":{"line":26,"column":50}}]},"3":{"loc":{"start":{"line":36,"column":17},"end":{"line":36,"column":51}},"type":"cond-expr","locations":[{"start":{"line":36,"column":31},"end":{"line":36,"column":39}},{"start":{"line":36,"column":42},"end":{"line":36,"column":51}}]},"4":{"loc":{"start":{"line":37,"column":19},"end":{"line":37,"column":50}},"type":"binary-expr","locations":[{"start":{"line":37,"column":19},"end":{"line":37,"column":37}},{"start":{"line":37,"column":41},"end":{"line":37,"column":50}}]},"5":{"loc":{"start":{"line":70,"column":11},"end":{"line":70,"column":65}},"type":"cond-expr","locations":[{"start":{"line":70,"column":36},"end":{"line":70,"column":49}},{"start":{"line":70,"column":52},"end":{"line":70,"column":65}}]},"6":{"loc":{"start":{"line":86,"column":4},"end":{"line":89,"column":5}},"type":"if","locations":[{"start":{"line":86,"column":4},"end":{"line":89,"column":5}}]},"7":{"loc":{"start":{"line":86,"column":8},"end":{"line":86,"column":39}},"type":"binary-expr","locations":[{"start":{"line":86,"column":8},"end":{"line":86,"column":15}},{"start":{"line":86,"column":19},"end":{"line":86,"column":39}}]},"8":{"loc":{"start":{"line":92,"column":4},"end":{"line":95,"column":5}},"type":"if","locations":[{"start":{"line":92,"column":4},"end":{"line":95,"column":5}}]},"9":{"loc":{"start":{"line":92,"column":8},"end":{"line":92,"column":46}},"type":"binary-expr","locations":[{"start":{"line":92,"column":8},"end":{"line":92,"column":15}},{"start":{"line":92,"column":19},"end":{"line":92,"column":46}}]},"10":{"loc":{"start":{"line":108,"column":4},"end":{"line":120,"column":5}},"type":"switch","locations":[{"start":{"line":109,"column":6},"end":{"line":111,"column":14}},{"start":{"line":112,"column":6},"end":{"line":114,"column":14}},{"start":{"line":115,"column":6},"end":{"line":117,"column":14}},{"start":{"line":118,"column":6},"end":{"line":119,"column":53}}]},"11":{"loc":{"start":{"line":138,"column":16},"end":{"line":138,"column":57}},"type":"binary-expr","locations":[{"start":{"line":138,"column":16},"end":{"line":138,"column":30}},{"start":{"line":138,"column":34},"end":{"line":138,"column":44}},{"start":{"line":138,"column":48},"end":{"line":138,"column":57}}]},"12":{"loc":{"start":{"line":148,"column":16},"end":{"line":148,"column":25}},"type":"default-arg","locations":[{"start":{"line":148,"column":24},"end":{"line":148,"column":25}}]},"13":{"loc":{"start":{"line":151,"column":2},"end":{"line":153,"column":3}},"type":"if","locations":[{"start":{"line":151,"column":2},"end":{"line":153,"column":3}}]},"14":{"loc":{"start":{"line":168,"column":16},"end":{"line":168,"column":25}},"type":"default-arg","locations":[{"start":{"line":168,"column":24},"end":{"line":168,"column":25}}]},"15":{"loc":{"start":{"line":171,"column":2},"end":{"line":173,"column":3}},"type":"if","locations":[{"start":{"line":171,"column":2},"end":{"line":173,"column":3}}]},"16":{"loc":{"start":{"line":188,"column":13},"end":{"line":188,"column":22}},"type":"default-arg","locations":[{"start":{"line":188,"column":21},"end":{"line":188,"column":22}}]},"17":{"loc":{"start":{"line":191,"column":2},"end":{"line":193,"column":3}},"type":"if","locations":[{"start":{"line":191,"column":2},"end":{"line":193,"column":3}}]},"18":{"loc":{"start":{"line":191,"column":6},"end":{"line":191,"column":35}},"type":"binary-expr","locations":[{"start":{"line":191,"column":6},"end":{"line":191,"column":11}},{"start":{"line":191,"column":15},"end":{"line":191,"column":35}}]},"19":{"loc":{"start":{"line":199,"column":2},"end":{"line":201,"column":3}},"type":"if","locations":[{"start":{"line":199,"column":2},"end":{"line":201,"column":3}}]},"20":{"loc":{"start":{"line":209,"column":4},"end":{"line":232,"column":5}},"type":"if","locations":[{"start":{"line":209,"column":4},"end":{"line":232,"column":5}}]},"21":{"loc":{"start":{"line":209,"column":8},"end":{"line":209,"column":28}},"type":"binary-expr","locations":[{"start":{"line":209,"column":8},"end":{"line":209,"column":19}},{"start":{"line":209,"column":23},"end":{"line":209,"column":28}}]},"22":{"loc":{"start":{"line":211,"column":6},"end":{"line":231,"column":7}},"type":"if","locations":[{"start":{"line":211,"column":6},"end":{"line":231,"column":7}},{"start":{"line":221,"column":13},"end":{"line":231,"column":7}}]},"23":{"loc":{"start":{"line":221,"column":13},"end":{"line":231,"column":7}},"type":"if","locations":[{"start":{"line":221,"column":13},"end":{"line":231,"column":7}}]},"24":{"loc":{"start":{"line":235,"column":4},"end":{"line":237,"column":5}},"type":"if","locations":[{"start":{"line":235,"column":4},"end":{"line":237,"column":5}}]},"25":{"loc":{"start":{"line":249,"column":0},"end":{"line":277,"column":1}},"type":"if","locations":[{"start":{"line":249,"column":0},"end":{"line":277,"column":1}},{"start":{"line":257,"column":7},"end":{"line":277,"column":1}}]},"26":{"loc":{"start":{"line":267,"column":4},"end":{"line":273,"column":5}},"type":"if","locations":[{"start":{"line":267,"column":4},"end":{"line":273,"column":5}}]}},"s":{"0":0,"1":0,"2":0,"3":0,"4":0,"5":0,"6":0,"7":0,"8":0,"9":0,"10":0,"11":0,"12":0,"13":0,"14":0,"15":0,"16":0,"17":0,"18":0,"19":0,"20":0,"21":0,"22":0,"23":0,"24":0,"25":0,"26":0,"27":0,"28":0,"29":0,"30":0,"31":0,"32":0,"33":0,"34":0,"35":0,"36":0,"37":0,"38":0,"39":0,"40":0,"41":0,"42":0,"43":0,"44":0,"45":0,"46":0,"47":0,"48":0,"49":0,"50":0,"51":0,"52":0,"53":0,"54":0,"55":0,"56":0,"57":0,"58":0,"59":0,"60":0,"61":0,"62":0,"63":0,"64":0,"65":0,"66":0,"67":0,"68":0,"69":0,"70":0,"71":0,"72":0,"73":0,"74":0,"75":0,"76":0,"77":0,"78":0,"79":0,"80":0,"81":0,"82":0,"83":0,"84":0},"f":{"0":0,"1":0,"2":0,"3":0,"4":0,"5":0,"6":0,"7":0,"8":0,"9":0,"10":0,"11":0,"12":0,"13":0,"14":0,"15":0},"b":{"0":[0,0],"1":[0,0],"2":[0,0],"3":[0,0],"4":[0,0],"5":[0,0],"6":[0],"7":[0,0],"8":[0],"9":[0,0],"10":[0,0,0,0],"11":[0,0,0],"12":[0],"13":[0],"14":[0],"15":[0],"16":[0],"17":[0],"18":[0,0],"19":[0],"20":[0],"21":[0,0],"22":[0,0],"23":[0],"24":[0],"25":[0,0],"26":[0]}}
,"/Users/super/Documents/GitHub/hyperviz/packages/worker/src/core/utils.ts": {"path":"/Users/super/Documents/GitHub/hyperviz/packages/worker/src/core/utils.ts","statementMap":{"0":{"start":{"line":5,"column":0},"end":{"line":5,"column":16}},"1":{"start":{"line":16,"column":0},"end":{"line":16,"column":16}},"2":{"start":{"line":25,"column":0},"end":{"line":25,"column":16}},"3":{"start":{"line":46,"column":0},"end":{"line":46,"column":16}},"4":{"start":{"line":55,"column":0},"end":{"line":55,"column":16}},"5":{"start":{"line":6,"column":2},"end":{"line":8,"column":23}},"6":{"start":{"line":17,"column":2},"end":{"line":17,"column":59}},"7":{"start":{"line":17,"column":34},"end":{"line":17,"column":57}},"8":{"start":{"line":26,"column":2},"end":{"line":28,"column":3}},"9":{"start":{"line":27,"column":4},"end":{"line":27,"column":15}},"10":{"start":{"line":30,"column":2},"end":{"line":32,"column":3}},"11":{"start":{"line":31,"column":4},"end":{"line":31,"column":61}},"12":{"start":{"line":31,"column":29},"end":{"line":31,"column":43}},"13":{"start":{"line":34,"column":38},"end":{"line":34,"column":40}},"14":{"start":{"line":35,"column":2},"end":{"line":37,"column":5}},"15":{"start":{"line":36,"column":4},"end":{"line":36,"column":62}},"16":{"start":{"line":39,"column":2},"end":{"line":39,"column":21}},"17":{"start":{"line":47,"column":2},"end":{"line":47,"column":20}},"18":{"start":{"line":56,"column":2},"end":{"line":58,"column":3}},"19":{"start":{"line":57,"column":4},"end":{"line":57,"column":25}},"20":{"start":{"line":59,"column":2},"end":{"line":59,"column":23}}},"fnMap":{"0":{"name":"generateId","decl":{"start":{"line":5,"column":16},"end":{"line":5,"column":26}},"loc":{"start":{"line":5,"column":26},"end":{"line":9,"column":1}}},"1":{"name":"delay","decl":{"start":{"line":16,"column":16},"end":{"line":16,"column":21}},"loc":{"start":{"line":16,"column":32},"end":{"line":18,"column":1}}},"2":{"name":"(anonymous_2)","decl":{"start":{"line":17,"column":21},"end":{"line":17,"column":22}},"loc":{"start":{"line":17,"column":34},"end":{"line":17,"column":57}}},"3":{"name":"deepCopy","decl":{"start":{"line":25,"column":16},"end":{"line":25,"column":24}},"loc":{"start":{"line":25,"column":34},"end":{"line":40,"column":1}}},"4":{"name":"(anonymous_4)","decl":{"start":{"line":31,"column":19},"end":{"line":31,"column":20}},"loc":{"start":{"line":31,"column":29},"end":{"line":31,"column":43}}},"5":{"name":"(anonymous_5)","decl":{"start":{"line":35,"column":50},"end":{"line":35,"column":51}},"loc":{"start":{"line":35,"column":58},"end":{"line":37,"column":3}}},"6":{"name":"now","decl":{"start":{"line":46,"column":16},"end":{"line":46,"column":19}},"loc":{"start":{"line":46,"column":19},"end":{"line":48,"column":1}}},"7":{"name":"errorToString","decl":{"start":{"line":55,"column":16},"end":{"line":55,"column":29}},"loc":{"start":{"line":55,"column":44},"end":{"line":60,"column":1}}}},"branchMap":{"0":{"loc":{"start":{"line":26,"column":2},"end":{"line":28,"column":3}},"type":"if","locations":[{"start":{"line":26,"column":2},"end":{"line":28,"column":3}}]},"1":{"loc":{"start":{"line":26,"column":6},"end":{"line":26,"column":45}},"type":"binary-expr","locations":[{"start":{"line":26,"column":6},"end":{"line":26,"column":18}},{"start":{"line":26,"column":22},"end":{"line":26,"column":45}}]},"2":{"loc":{"start":{"line":30,"column":2},"end":{"line":32,"column":3}},"type":"if","locations":[{"start":{"line":30,"column":2},"end":{"line":32,"column":3}}]},"3":{"loc":{"start":{"line":56,"column":2},"end":{"line":58,"column":3}},"type":"if","locations":[{"start":{"line":56,"column":2},"end":{"line":58,"column":3}}]}},"s":{"0":2,"1":2,"2":2,"3":2,"4":2,"5":24,"6":0,"7":0,"8":0,"9":0,"10":0,"11":0,"12":0,"13":0,"14":0,"15":0,"16":0,"17":0,"18":0,"19":0,"20":0},"f":{"0":24,"1":0,"2":0,"3":0,"4":0,"5":0,"6":0,"7":0},"b":{"0":[0],"1":[0,0],"2":[0],"3":[0]}}
,"/Users/super/Documents/GitHub/hyperviz/packages/worker/src/core/worker-adapter.ts": {"path":"/Users/super/Documents/GitHub/hyperviz/packages/worker/src/core/worker-adapter.ts","statementMap":{"0":{"start":{"line":1,"column":0},"end":{"line":1,"column":45}},"1":{"start":{"line":2,"column":0},"end":{"line":2,"column":null}},"2":{"start":{"line":11,"column":14},"end":{"line":11,"column":76}},"3":{"start":{"line":89,"column":4},"end":{"line":89,"column":24}},"4":{"start":{"line":97,"column":4},"end":{"line":97,"column":12}},"5":{"start":{"line":50,"column":10},"end":{"line":50,"column":56}},"6":{"start":{"line":52,"column":10},"end":{"line":52,"column":38}},"7":{"start":{"line":54,"column":10},"end":{"line":54,"column":38}},"8":{"start":{"line":56,"column":10},"end":{"line":56,"column":47}},"9":{"start":{"line":77,"column":2},"end":{"line":77,"column":33}},"10":{"start":{"line":80,"column":2},"end":{"line":80,"column":33}},"11":{"start":{"line":83,"column":2},"end":{"line":83,"column":36}},"12":{"start":{"line":99,"column":4},"end":{"line":99,"column":25}},"13":{"start":{"line":100,"column":4},"end":{"line":100,"column":52}},"14":{"start":{"line":103,"column":4},"end":{"line":111,"column":6}},"15":{"start":{"line":114,"column":4},"end":{"line":122,"column":5}},"16":{"start":{"line":115,"column":6},"end":{"line":115,"column":58}},"17":{"start":{"line":116,"column":11},"end":{"line":122,"column":5}},"18":{"start":{"line":117,"column":6},"end":{"line":117,"column":60}},"19":{"start":{"line":119,"column":6},"end":{"line":121,"column":8}},"20":{"start":{"line":131,"column":4},"end":{"line":169,"column":5}},"21":{"start":{"line":133,"column":6},"end":{"line":133,"column":59}},"22":{"start":{"line":136,"column":6},"end":{"line":138,"column":8}},"23":{"start":{"line":137,"column":8},"end":{"line":137,"column":41}},"24":{"start":{"line":141,"column":6},"end":{"line":148,"column":8}},"25":{"start":{"line":142,"column":8},"end":{"line":142,"column":39}},"26":{"start":{"line":143,"column":8},"end":{"line":143,"column":46}},"27":{"start":{"line":144,"column":8},"end":{"line":147,"column":10}},"28":{"start":{"line":151,"column":6},"end":{"line":151,"column":39}},"29":{"start":{"line":152,"column":6},"end":{"line":152,"column":43}},"30":{"start":{"line":155,"column":6},"end":{"line":161,"column":7}},"31":{"start":{"line":156,"column":8},"end":{"line":160,"column":11}},"32":{"start":{"line":163,"column":6},"end":{"line":163,"column":40}},"33":{"start":{"line":164,"column":6},"end":{"line":164,"column":44}},"34":{"start":{"line":165,"column":6},"end":{"line":168,"column":8}},"35":{"start":{"line":178,"column":4},"end":{"line":218,"column":5}},"36":{"start":{"line":180,"column":25},"end":{"line":180,"column":50}},"37":{"start":{"line":183,"column":6},"end":{"line":188,"column":9}},"38":{"start":{"line":191,"column":6},"end":{"line":193,"column":9}},"39":{"start":{"line":192,"column":8},"end":{"line":192,"column":35}},"40":{"start":{"line":196,"column":6},"end":{"line":200,"column":9}},"41":{"start":{"line":197,"column":8},"end":{"line":197,"column":39}},"42":{"start":{"line":198,"column":8},"end":{"line":198,"column":46}},"43":{"start":{"line":199,"column":8},"end":{"line":199,"column":34}},"44":{"start":{"line":203,"column":6},"end":{"line":206,"column":9}},"45":{"start":{"line":204,"column":8},"end":{"line":204,"column":32}},"46":{"start":{"line":205,"column":8},"end":{"line":205,"column":31}},"47":{"start":{"line":209,"column":6},"end":{"line":209,"column":39}},"48":{"start":{"line":210,"column":6},"end":{"line":210,"column":43}},"49":{"start":{"line":212,"column":6},"end":{"line":212,"column":40}},"50":{"start":{"line":213,"column":6},"end":{"line":213,"column":44}},"51":{"start":{"line":214,"column":6},"end":{"line":217,"column":8}},"52":{"start":{"line":226,"column":4},"end":{"line":228,"column":5}},"53":{"start":{"line":227,"column":6},"end":{"line":227,"column":49}},"54":{"start":{"line":230,"column":4},"end":{"line":241,"column":5}},"55":{"start":{"line":231,"column":6},"end":{"line":235,"column":7}},"56":{"start":{"line":232,"column":8},"end":{"line":232,"column":44}},"57":{"start":{"line":233,"column":13},"end":{"line":235,"column":7}},"58":{"start":{"line":234,"column":8},"end":{"line":234,"column":45}},"59":{"start":{"line":237,"column":6},"end":{"line":240,"column":8}},"60":{"start":{"line":254,"column":4},"end":{"line":256,"column":5}},"61":{"start":{"line":255,"column":6},"end":{"line":255,"column":40}},"62":{"start":{"line":259,"column":4},"end":{"line":263,"column":7}},"63":{"start":{"line":266,"column":4},"end":{"line":268,"column":5}},"64":{"start":{"line":267,"column":6},"end":{"line":267,"column":33}},"65":{"start":{"line":275,"column":4},"end":{"line":277,"column":5}},"66":{"start":{"line":276,"column":6},"end":{"line":276,"column":13}},"67":{"start":{"line":279,"column":4},"end":{"line":279,"column":27}},"68":{"start":{"line":281,"column":4},"end":{"line":308,"column":5}},"69":{"start":{"line":283,"column":6},"end":{"line":288,"column":9}},"70":{"start":{"line":284,"column":8},"end":{"line":286,"column":9}},"71":{"start":{"line":285,"column":10},"end":{"line":285,"column":41}},"72":{"start":{"line":287,"column":8},"end":{"line":287,"column":41}},"73":{"start":{"line":291,"column":26},"end":{"line":291,"column":51}},"74":{"start":{"line":292,"column":6},"end":{"line":294,"column":7}},"75":{"start":{"line":293,"column":8},"end":{"line":293,"column":46}},"76":{"start":{"line":296,"column":6},"end":{"line":299,"column":8}},"77":{"start":{"line":301,"column":6},"end":{"line":301,"column":30}},"78":{"start":{"line":304,"column":6},"end":{"line":307,"column":7}},"79":{"start":{"line":306,"column":8},"end":{"line":306,"column":56}},"80":{"start":{"line":306,"column":25},"end":{"line":306,"column":51}},"81":{"start":{"line":316,"column":4},"end":{"line":318,"column":5}},"82":{"start":{"line":317,"column":6},"end":{"line":317,"column":13}},"83":{"start":{"line":320,"column":4},"end":{"line":320,"column":44}},"84":{"start":{"line":321,"column":4},"end":{"line":321,"column":48}},"85":{"start":{"line":322,"column":4},"end":{"line":322,"column":27}},"86":{"start":{"line":325,"column":29},"end":{"line":326,"column":null}},"87":{"start":{"line":328,"column":29},"end":{"line":328,"column":54}},"88":{"start":{"line":331,"column":4},"end":{"line":333,"column":5}},"89":{"start":{"line":332,"column":6},"end":{"line":332,"column":36}},"90":{"start":{"line":336,"column":4},"end":{"line":338,"column":5}},"91":{"start":{"line":337,"column":6},"end":{"line":337,"column":43}},"92":{"start":{"line":340,"column":4},"end":{"line":348,"column":5}},"93":{"start":{"line":341,"column":6},"end":{"line":341,"column":33}},"94":{"start":{"line":342,"column":11},"end":{"line":348,"column":5}},"95":{"start":{"line":343,"column":6},"end":{"line":347,"column":7}},"96":{"start":{"line":344,"column":8},"end":{"line":344,"column":36}},"97":{"start":{"line":346,"column":8},"end":{"line":346,"column":59}},"98":{"start":{"line":351,"column":4},"end":{"line":351,"column":27}},"99":{"start":{"line":352,"column":4},"end":{"line":352,"column":31}},"100":{"start":{"line":353,"column":4},"end":{"line":353,"column":32}},"101":{"start":{"line":356,"column":4},"end":{"line":356,"column":25}},"102":{"start":{"line":364,"column":4},"end":{"line":364,"column":37}},"103":{"start":{"line":365,"column":4},"end":{"line":365,"column":41}},"104":{"start":{"line":366,"column":4},"end":{"line":366,"column":35}},"105":{"start":{"line":368,"column":4},"end":{"line":410,"column":7}},"106":{"start":{"line":369,"column":29},"end":{"line":394,"column":7}},"107":{"start":{"line":370,"column":8},"end":{"line":393,"column":9}},"108":{"start":{"line":371,"column":10},"end":{"line":383,"column":11}},"109":{"start":{"line":372,"column":12},"end":{"line":372,"column":48}},"110":{"start":{"line":374,"column":12},"end":{"line":382,"column":13}},"111":{"start":{"line":375,"column":14},"end":{"line":375,"column":47}},"112":{"start":{"line":376,"column":14},"end":{"line":376,"column":51}},"113":{"start":{"line":377,"column":14},"end":{"line":377,"column":39}},"114":{"start":{"line":378,"column":19},"end":{"line":382,"column":13}},"115":{"start":{"line":379,"column":14},"end":{"line":379,"column":47}},"116":{"start":{"line":380,"column":14},"end":{"line":380,"column":51}},"117":{"start":{"line":381,"column":14},"end":{"line":381,"column":37}},"118":{"start":{"line":385,"column":10},"end":{"line":385,"column":44}},"119":{"start":{"line":386,"column":10},"end":{"line":386,"column":48}},"120":{"start":{"line":387,"column":10},"end":{"line":387,"column":46}},"121":{"start":{"line":388,"column":10},"end":{"line":388,"column":76}},"122":{"start":{"line":389,"column":10},"end":{"line":392,"column":12}},"123":{"start":{"line":396,"column":6},"end":{"line":396,"column":41}},"124":{"start":{"line":398,"column":6},"end":{"line":409,"column":7}},"125":{"start":{"line":399,"column":8},"end":{"line":403,"column":11}},"126":{"start":{"line":405,"column":8},"end":{"line":405,"column":44}},"127":{"start":{"line":406,"column":8},"end":{"line":406,"column":41}},"128":{"start":{"line":407,"column":8},"end":{"line":407,"column":45}},"129":{"start":{"line":408,"column":8},"end":{"line":408,"column":74}},"130":{"start":{"line":417,"column":4},"end":{"line":417,"column":46}},"131":{"start":{"line":424,"column":4},"end":{"line":424,"column":46}},"132":{"start":{"line":431,"column":4},"end":{"line":435,"column":6}},"133":{"start":{"line":42,"column":0},"end":{"line":42,"column":13}}},"fnMap":{"0":{"name":"(anonymous_0)","decl":{"start":{"line":88,"column":2},"end":{"line":88,"column":6}},"loc":{"start":{"line":88,"column":11},"end":{"line":90,"column":3}}},"1":{"name":"(anonymous_1)","decl":{"start":{"line":96,"column":2},"end":{"line":96,"column":14}},"loc":{"start":{"line":96,"column":36},"end":{"line":123,"column":3}}},"2":{"name":"(anonymous_2)","decl":{"start":{"line":130,"column":10},"end":{"line":130,"column":23}},"loc":{"start":{"line":130,"column":53},"end":{"line":170,"column":3}}},"3":{"name":"(anonymous_3)","decl":{"start":{"line":136,"column":33},"end":{"line":136,"column":34}},"loc":{"start":{"line":136,"column":43},"end":{"line":138,"column":7}}},"4":{"name":"(anonymous_4)","decl":{"start":{"line":141,"column":31},"end":{"line":141,"column":32}},"loc":{"start":{"line":141,"column":41},"end":{"line":148,"column":7}}},"5":{"name":"(anonymous_5)","decl":{"start":{"line":177,"column":10},"end":{"line":177,"column":24}},"loc":{"start":{"line":177,"column":55},"end":{"line":219,"column":3}}},"6":{"name":"(anonymous_6)","decl":{"start":{"line":191,"column":36},"end":{"line":191,"column":37}},"loc":{"start":{"line":191,"column":50},"end":{"line":193,"column":7}}},"7":{"name":"(anonymous_7)","decl":{"start":{"line":196,"column":34},"end":{"line":196,"column":35}},"loc":{"start":{"line":196,"column":51},"end":{"line":200,"column":7}}},"8":{"name":"(anonymous_8)","decl":{"start":{"line":203,"column":33},"end":{"line":203,"column":34}},"loc":{"start":{"line":203,"column":50},"end":{"line":206,"column":7}}},"9":{"name":"(anonymous_9)","decl":{"start":{"line":225,"column":2},"end":{"line":225,"column":13}},"loc":{"start":{"line":225,"column":26},"end":{"line":242,"column":3}}},"10":{"name":"(anonymous_10)","decl":{"start":{"line":249,"column":2},"end":{"line":249,"column":24}},"loc":{"start":{"line":251,"column":48},"end":{"line":269,"column":3}}},"11":{"name":"(anonymous_11)","decl":{"start":{"line":274,"column":10},"end":{"line":274,"column":15}},"loc":{"start":{"line":274,"column":35},"end":{"line":309,"column":3}}},"12":{"name":"(anonymous_12)","decl":{"start":{"line":283,"column":29},"end":{"line":283,"column":30}},"loc":{"start":{"line":283,"column":38},"end":{"line":288,"column":7}}},"13":{"name":"(anonymous_13)","decl":{"start":{"line":306,"column":19},"end":{"line":306,"column":22}},"loc":{"start":{"line":306,"column":25},"end":{"line":306,"column":51}}},"14":{"name":"(anonymous_14)","decl":{"start":{"line":315,"column":2},"end":{"line":315,"column":7}},"loc":{"start":{"line":315,"column":40},"end":{"line":357,"column":3}}},"15":{"name":"(anonymous_15)","decl":{"start":{"line":363,"column":2},"end":{"line":363,"column":7}},"loc":{"start":{"line":363,"column":40},"end":{"line":411,"column":3}}},"16":{"name":"(anonymous_16)","decl":{"start":{"line":368,"column":26},"end":{"line":368,"column":27}},"loc":{"start":{"line":368,"column":46},"end":{"line":410,"column":5}}},"17":{"name":"(anonymous_17)","decl":{"start":{"line":369,"column":29},"end":{"line":369,"column":30}},"loc":{"start":{"line":369,"column":47},"end":{"line":394,"column":7}}},"18":{"name":"(anonymous_18)","decl":{"start":{"line":416,"column":2},"end":{"line":416,"column":8}},"loc":{"start":{"line":416,"column":8},"end":{"line":418,"column":3}}},"19":{"name":"(anonymous_19)","decl":{"start":{"line":423,"column":2},"end":{"line":423,"column":8}},"loc":{"start":{"line":423,"column":8},"end":{"line":425,"column":3}}},"20":{"name":"(anonymous_20)","decl":{"start":{"line":430,"column":2},"end":{"line":430,"column":13}},"loc":{"start":{"line":430,"column":13},"end":{"line":436,"column":3}}}},"branchMap":{"0":{"loc":{"start":{"line":11,"column":14},"end":{"line":11,"column":76}},"type":"binary-expr","locations":[{"start":{"line":11,"column":14},"end":{"line":11,"column":43}},{"start":{"line":11,"column":47},"end":{"line":11,"column":76}}]},"1":{"loc":{"start":{"line":100,"column":24},"end":{"line":100,"column":51}},"type":"binary-expr","locations":[{"start":{"line":100,"column":24},"end":{"line":100,"column":44}},{"start":{"line":100,"column":48},"end":{"line":100,"column":51}}]},"2":{"loc":{"start":{"line":114,"column":4},"end":{"line":122,"column":5}},"type":"if","locations":[{"start":{"line":114,"column":4},"end":{"line":122,"column":5}},{"start":{"line":116,"column":11},"end":{"line":122,"column":5}}]},"3":{"loc":{"start":{"line":114,"column":8},"end":{"line":114,"column":28}},"type":"binary-expr","locations":[{"start":{"line":114,"column":8},"end":{"line":114,"column":13}},{"start":{"line":114,"column":17},"end":{"line":114,"column":28}}]},"4":{"loc":{"start":{"line":116,"column":11},"end":{"line":122,"column":5}},"type":"if","locations":[{"start":{"line":116,"column":11},"end":{"line":122,"column":5}},{"start":{"line":118,"column":11},"end":{"line":122,"column":5}}]},"5":{"loc":{"start":{"line":116,"column":15},"end":{"line":116,"column":37}},"type":"binary-expr","locations":[{"start":{"line":116,"column":15},"end":{"line":116,"column":21}},{"start":{"line":116,"column":25},"end":{"line":116,"column":37}}]},"6":{"loc":{"start":{"line":146,"column":10},"end":{"line":146,"column":67}},"type":"cond-expr","locations":[{"start":{"line":146,"column":35},"end":{"line":146,"column":40}},{"start":{"line":146,"column":43},"end":{"line":146,"column":67}}]},"7":{"loc":{"start":{"line":155,"column":6},"end":{"line":161,"column":7}},"type":"if","locations":[{"start":{"line":155,"column":6},"end":{"line":161,"column":7}}]},"8":{"loc":{"start":{"line":167,"column":8},"end":{"line":167,"column":65}},"type":"cond-expr","locations":[{"start":{"line":167,"column":33},"end":{"line":167,"column":38}},{"start":{"line":167,"column":41},"end":{"line":167,"column":65}}]},"9":{"loc":{"start":{"line":216,"column":8},"end":{"line":216,"column":65}},"type":"cond-expr","locations":[{"start":{"line":216,"column":33},"end":{"line":216,"column":38}},{"start":{"line":216,"column":41},"end":{"line":216,"column":65}}]},"10":{"loc":{"start":{"line":226,"column":4},"end":{"line":228,"column":5}},"type":"if","locations":[{"start":{"line":226,"column":4},"end":{"line":228,"column":5}}]},"11":{"loc":{"start":{"line":231,"column":6},"end":{"line":235,"column":7}},"type":"if","locations":[{"start":{"line":231,"column":6},"end":{"line":235,"column":7}},{"start":{"line":233,"column":13},"end":{"line":235,"column":7}}]},"12":{"loc":{"start":{"line":233,"column":13},"end":{"line":235,"column":7}},"type":"if","locations":[{"start":{"line":233,"column":13},"end":{"line":235,"column":7}}]},"13":{"loc":{"start":{"line":239,"column":8},"end":{"line":239,"column":65}},"type":"cond-expr","locations":[{"start":{"line":239,"column":33},"end":{"line":239,"column":38}},{"start":{"line":239,"column":41},"end":{"line":239,"column":65}}]},"14":{"loc":{"start":{"line":251,"column":4},"end":{"line":251,"column":48}},"type":"default-arg","locations":[{"start":{"line":251,"column":29},"end":{"line":251,"column":48}}]},"15":{"loc":{"start":{"line":254,"column":4},"end":{"line":256,"column":5}},"type":"if","locations":[{"start":{"line":254,"column":4},"end":{"line":256,"column":5}}]},"16":{"loc":{"start":{"line":266,"column":4},"end":{"line":268,"column":5}},"type":"if","locations":[{"start":{"line":266,"column":4},"end":{"line":268,"column":5}}]},"17":{"loc":{"start":{"line":275,"column":4},"end":{"line":277,"column":5}},"type":"if","locations":[{"start":{"line":275,"column":4},"end":{"line":277,"column":5}}]},"18":{"loc":{"start":{"line":275,"column":8},"end":{"line":275,"column":76}},"type":"binary-expr","locations":[{"start":{"line":275,"column":8},"end":{"line":275,"column":23}},{"start":{"line":275,"column":27},"end":{"line":275,"column":57}},{"start":{"line":275,"column":61},"end":{"line":275,"column":76}}]},"19":{"loc":{"start":{"line":284,"column":8},"end":{"line":286,"column":9}},"type":"if","locations":[{"start":{"line":284,"column":8},"end":{"line":286,"column":9}}]},"20":{"loc":{"start":{"line":292,"column":6},"end":{"line":294,"column":7}},"type":"if","locations":[{"start":{"line":292,"column":6},"end":{"line":294,"column":7}}]},"21":{"loc":{"start":{"line":298,"column":8},"end":{"line":298,"column":65}},"type":"cond-expr","locations":[{"start":{"line":298,"column":33},"end":{"line":298,"column":38}},{"start":{"line":298,"column":41},"end":{"line":298,"column":65}}]},"22":{"loc":{"start":{"line":304,"column":6},"end":{"line":307,"column":7}},"type":"if","locations":[{"start":{"line":304,"column":6},"end":{"line":307,"column":7}}]},"23":{"loc":{"start":{"line":315,"column":18},"end":{"line":315,"column":40}},"type":"default-arg","locations":[{"start":{"line":315,"column":35},"end":{"line":315,"column":40}}]},"24":{"loc":{"start":{"line":316,"column":4},"end":{"line":318,"column":5}},"type":"if","locations":[{"start":{"line":316,"column":4},"end":{"line":318,"column":5}}]},"25":{"loc":{"start":{"line":336,"column":4},"end":{"line":338,"column":5}},"type":"if","locations":[{"start":{"line":336,"column":4},"end":{"line":338,"column":5}}]},"26":{"loc":{"start":{"line":340,"column":4},"end":{"line":348,"column":5}},"type":"if","locations":[{"start":{"line":340,"column":4},"end":{"line":348,"column":5}},{"start":{"line":342,"column":11},"end":{"line":348,"column":5}}]},"27":{"loc":{"start":{"line":342,"column":11},"end":{"line":348,"column":5}},"type":"if","locations":[{"start":{"line":342,"column":11},"end":{"line":348,"column":5}}]},"28":{"loc":{"start":{"line":343,"column":6},"end":{"line":347,"column":7}},"type":"if","locations":[{"start":{"line":343,"column":6},"end":{"line":347,"column":7}},{"start":{"line":345,"column":13},"end":{"line":347,"column":7}}]},"29":{"loc":{"start":{"line":371,"column":10},"end":{"line":383,"column":11}},"type":"if","locations":[{"start":{"line":371,"column":10},"end":{"line":383,"column":11}}]},"30":{"loc":{"start":{"line":371,"column":14},"end":{"line":371,"column":53}},"type":"binary-expr","locations":[{"start":{"line":371,"column":14},"end":{"line":371,"column":22}},{"start":{"line":371,"column":26},"end":{"line":371,"column":53}}]},"31":{"loc":{"start":{"line":374,"column":12},"end":{"line":382,"column":13}},"type":"if","locations":[{"start":{"line":374,"column":12},"end":{"line":382,"column":13}},{"start":{"line":378,"column":19},"end":{"line":382,"column":13}}]},"32":{"loc":{"start":{"line":378,"column":19},"end":{"line":382,"column":13}},"type":"if","locations":[{"start":{"line":378,"column":19},"end":{"line":382,"column":13}}]},"33":{"loc":{"start":{"line":388,"column":17},"end":{"line":388,"column":74}},"type":"cond-expr","locations":[{"start":{"line":388,"column":42},"end":{"line":388,"column":47}},{"start":{"line":388,"column":50},"end":{"line":388,"column":74}}]},"34":{"loc":{"start":{"line":391,"column":12},"end":{"line":391,"column":69}},"type":"cond-expr","locations":[{"start":{"line":391,"column":37},"end":{"line":391,"column":42}},{"start":{"line":391,"column":45},"end":{"line":391,"column":69}}]},"35":{"loc":{"start":{"line":408,"column":15},"end":{"line":408,"column":72}},"type":"cond-expr","locations":[{"start":{"line":408,"column":40},"end":{"line":408,"column":45}},{"start":{"line":408,"column":48},"end":{"line":408,"column":72}}]},"36":{"loc":{"start":{"line":432,"column":6},"end":{"line":434,"column":47}},"type":"binary-expr","locations":[{"start":{"line":432,"column":6},"end":{"line":432,"column":22}},{"start":{"line":433,"column":6},"end":{"line":433,"column":41}},{"start":{"line":434,"column":6},"end":{"line":434,"column":47}}]}},"s":{"0":1,"1":1,"2":1,"3":0,"4":0,"5":0,"6":0,"7":0,"8":0,"9":0,"10":0,"11":0,"12":0,"13":0,"14":0,"15":0,"16":0,"17":0,"18":0,"19":0,"20":0,"21":0,"22":0,"23":0,"24":0,"25":0,"26":0,"27":0,"28":0,"29":0,"30":0,"31":0,"32":0,"33":0,"34":0,"35":0,"36":0,"37":0,"38":0,"39":0,"40":0,"41":0,"42":0,"43":0,"44":0,"45":0,"46":0,"47":0,"48":0,"49":0,"50":0,"51":0,"52":0,"53":0,"54":0,"55":0,"56":0,"57":0,"58":0,"59":0,"60":0,"61":0,"62":0,"63":0,"64":0,"65":0,"66":0,"67":0,"68":0,"69":0,"70":0,"71":0,"72":0,"73":0,"74":0,"75":0,"76":0,"77":0,"78":0,"79":0,"80":0,"81":0,"82":0,"83":0,"84":0,"85":0,"86":0,"87":0,"88":0,"89":0,"90":0,"91":0,"92":0,"93":0,"94":0,"95":0,"96":0,"97":0,"98":0,"99":0,"100":0,"101":0,"102":0,"103":0,"104":0,"105":0,"106":0,"107":0,"108":0,"109":0,"110":0,"111":0,"112":0,"113":0,"114":0,"115":0,"116":0,"117":0,"118":0,"119":0,"120":0,"121":0,"122":0,"123":0,"124":0,"125":0,"126":0,"127":0,"128":0,"129":0,"130":0,"131":0,"132":0,"133":1},"f":{"0":0,"1":0,"2":0,"3":0,"4":0,"5":0,"6":0,"7":0,"8":0,"9":0,"10":0,"11":0,"12":0,"13":0,"14":0,"15":0,"16":0,"17":0,"18":0,"19":0,"20":0},"b":{"0":[1,0],"1":[0,0],"2":[0,0],"3":[0,0],"4":[0,0],"5":[0,0],"6":[0,0],"7":[0],"8":[0,0],"9":[0,0],"10":[0],"11":[0,0],"12":[0],"13":[0,0],"14":[0],"15":[0],"16":[0],"17":[0],"18":[0,0,0],"19":[0],"20":[0],"21":[0,0],"22":[0],"23":[0],"24":[0],"25":[0],"26":[0,0],"27":[0],"28":[0,0],"29":[0],"30":[0,0],"31":[0,0],"32":[0],"33":[0,0],"34":[0,0],"35":[0,0],"36":[0,0,0]}}
,"/Users/super/Documents/GitHub/hyperviz/packages/worker/src/core/worker-pool.ts": {"path":"/Users/super/Documents/GitHub/hyperviz/packages/worker/src/core/worker-pool.ts","statementMap":{"0":{"start":{"line":6,"column":0},"end":{"line":6,"column":45}},"1":{"start":{"line":7,"column":0},"end":{"line":7,"column":null}},"2":{"start":{"line":14,"column":0},"end":{"line":14,"column":50}},"3":{"start":{"line":15,"column":0},"end":{"line":15,"column":60}},"4":{"start":{"line":16,"column":0},"end":{"line":16,"column":null}},"5":{"start":{"line":21,"column":0},"end":{"line":21,"column":44}},"6":{"start":{"line":22,"column":0},"end":{"line":22,"column":40}},"7":{"start":{"line":152,"column":4},"end":{"line":152,"column":12}},"8":{"start":{"line":100,"column":10},"end":{"line":100,"column":67}},"9":{"start":{"line":109,"column":10},"end":{"line":109,"column":64}},"10":{"start":{"line":112,"column":10},"end":{"line":112,"column":52}},"11":{"start":{"line":115,"column":10},"end":{"line":116,"column":14}},"12":{"start":{"line":128,"column":10},"end":{"line":139,"column":4}},"13":{"start":{"line":142,"column":10},"end":{"line":142,"column":39}},"14":{"start":{"line":145,"column":10},"end":{"line":145,"column":38}},"15":{"start":{"line":155,"column":4},"end":{"line":164,"column":6}},"16":{"start":{"line":167,"column":4},"end":{"line":167,"column":35}},"17":{"start":{"line":168,"column":4},"end":{"line":168,"column":25}},"18":{"start":{"line":171,"column":4},"end":{"line":178,"column":7}},"19":{"start":{"line":181,"column":4},"end":{"line":181,"column":31}},"20":{"start":{"line":184,"column":4},"end":{"line":184,"column":28}},"21":{"start":{"line":187,"column":4},"end":{"line":187,"column":29}},"22":{"start":{"line":189,"column":4},"end":{"line":193,"column":5}},"23":{"start":{"line":190,"column":6},"end":{"line":192,"column":8}},"24":{"start":{"line":201,"column":4},"end":{"line":204,"column":7}},"25":{"start":{"line":202,"column":33},"end":{"line":202,"column":37}},"26":{"start":{"line":203,"column":6},"end":{"line":203,"column":48}},"27":{"start":{"line":206,"column":4},"end":{"line":209,"column":7}},"28":{"start":{"line":207,"column":32},"end":{"line":207,"column":36}},"29":{"start":{"line":208,"column":6},"end":{"line":208,"column":44}},"30":{"start":{"line":211,"column":4},"end":{"line":214,"column":7}},"31":{"start":{"line":212,"column":25},"end":{"line":212,"column":29}},"32":{"start":{"line":213,"column":6},"end":{"line":213,"column":42}},"33":{"start":{"line":217,"column":4},"end":{"line":220,"column":7}},"34":{"start":{"line":218,"column":34},"end":{"line":218,"column":38}},"35":{"start":{"line":219,"column":6},"end":{"line":219,"column":46}},"36":{"start":{"line":223,"column":4},"end":{"line":225,"column":7}},"37":{"start":{"line":224,"column":6},"end":{"line":224,"column":35}},"38":{"start":{"line":227,"column":4},"end":{"line":229,"column":7}},"39":{"start":{"line":228,"column":6},"end":{"line":228,"column":37}},"40":{"start":{"line":237,"column":4},"end":{"line":242,"column":7}},"41":{"start":{"line":238,"column":6},"end":{"line":241,"column":9}},"42":{"start":{"line":244,"column":4},"end":{"line":256,"column":7}},"43":{"start":{"line":245,"column":6},"end":{"line":249,"column":9}},"44":{"start":{"line":252,"column":19},"end":{"line":252,"column":52}},"45":{"start":{"line":253,"column":6},"end":{"line":255,"column":7}},"46":{"start":{"line":254,"column":8},"end":{"line":254,"column":47}},"47":{"start":{"line":258,"column":4},"end":{"line":278,"column":6}},"48":{"start":{"line":261,"column":8},"end":{"line":265,"column":11}},"49":{"start":{"line":268,"column":21},"end":{"line":268,"column":54}},"50":{"start":{"line":269,"column":8},"end":{"line":276,"column":9}},"51":{"start":{"line":270,"column":10},"end":{"line":275,"column":12}},"52":{"start":{"line":280,"column":4},"end":{"line":285,"column":6}},"53":{"start":{"line":283,"column":8},"end":{"line":283,"column":52}},"54":{"start":{"line":293,"column":4},"end":{"line":297,"column":5}},"55":{"start":{"line":294,"column":6},"end":{"line":296,"column":7}},"56":{"start":{"line":295,"column":8},"end":{"line":295,"column":20}},"57":{"start":{"line":298,"column":4},"end":{"line":298,"column":21}},"58":{"start":{"line":305,"column":4},"end":{"line":307,"column":40}},"59":{"start":{"line":306,"column":6},"end":{"line":306,"column":33}},"60":{"start":{"line":314,"column":4},"end":{"line":316,"column":40}},"61":{"start":{"line":315,"column":6},"end":{"line":315,"column":25}},"62":{"start":{"line":324,"column":4},"end":{"line":324,"column":32}},"63":{"start":{"line":324,"column":25},"end":{"line":324,"column":32}},"64":{"start":{"line":327,"column":4},"end":{"line":365,"column":5}},"65":{"start":{"line":329,"column":6},"end":{"line":329,"column":36}},"66":{"start":{"line":329,"column":27},"end":{"line":329,"column":36}},"67":{"start":{"line":331,"column":6},"end":{"line":364,"column":7}},"68":{"start":{"line":333,"column":23},"end":{"line":333,"column":57}},"69":{"start":{"line":336,"column":8},"end":{"line":336,"column":30}},"70":{"start":{"line":336,"column":21},"end":{"line":336,"column":30}},"71":{"start":{"line":339,"column":21},"end":{"line":339,"column":36}},"72":{"start":{"line":340,"column":8},"end":{"line":340,"column":28}},"73":{"start":{"line":340,"column":19},"end":{"line":340,"column":28}},"74":{"start":{"line":343,"column":8},"end":{"line":343,"column":34}},"75":{"start":{"line":346,"column":8},"end":{"line":346,"column":45}},"76":{"start":{"line":347,"column":8},"end":{"line":347,"column":39}},"77":{"start":{"line":350,"column":8},"end":{"line":350,"column":34}},"78":{"start":{"line":351,"column":8},"end":{"line":351,"column":34}},"79":{"start":{"line":354,"column":8},"end":{"line":358,"column":11}},"80":{"start":{"line":360,"column":8},"end":{"line":363,"column":10}},"81":{"start":{"line":377,"column":4},"end":{"line":429,"column":5}},"82":{"start":{"line":379,"column":24},"end":{"line":379,"column":34}},"83":{"start":{"line":382,"column":22},"end":{"line":382,"column":69}},"84":{"start":{"line":385,"column":6},"end":{"line":400,"column":7}},"85":{"start":{"line":386,"column":8},"end":{"line":399,"column":20}},"86":{"start":{"line":388,"column":10},"end":{"line":391,"column":12}},"87":{"start":{"line":394,"column":10},"end":{"line":398,"column":14}},"88":{"start":{"line":397,"column":14},"end":{"line":397,"column":74}},"89":{"start":{"line":402,"column":6},"end":{"line":425,"column":7}},"90":{"start":{"line":404,"column":8},"end":{"line":408,"column":11}},"91":{"start":{"line":411,"column":8},"end":{"line":411,"column":73}},"92":{"start":{"line":414,"column":8},"end":{"line":414,"column":41}},"93":{"start":{"line":415,"column":8},"end":{"line":415,"column":36}},"94":{"start":{"line":421,"column":8},"end":{"line":421,"column":47}},"95":{"start":{"line":421,"column":23},"end":{"line":421,"column":47}},"96":{"start":{"line":424,"column":8},"end":{"line":424,"column":47}},"97":{"start":{"line":427,"column":6},"end":{"line":427,"column":51}},"98":{"start":{"line":428,"column":6},"end":{"line":428,"column":45}},"99":{"start":{"line":438,"column":4},"end":{"line":438,"column":42}},"100":{"start":{"line":438,"column":35},"end":{"line":438,"column":42}},"101":{"start":{"line":440,"column":4},"end":{"line":480,"column":5}},"102":{"start":{"line":441,"column":6},"end":{"line":477,"column":7}},"103":{"start":{"line":443,"column":10},"end":{"line":455,"column":11}},"104":{"start":{"line":444,"column":12},"end":{"line":448,"column":15}},"105":{"start":{"line":451,"column":12},"end":{"line":454,"column":15}},"106":{"start":{"line":456,"column":10},"end":{"line":456,"column":16}},"107":{"start":{"line":459,"column":10},"end":{"line":461,"column":11}},"108":{"start":{"line":460,"column":12},"end":{"line":460,"column":70}},"109":{"start":{"line":462,"column":10},"end":{"line":462,"column":16}},"110":{"start":{"line":465,"column":10},"end":{"line":467,"column":11}},"111":{"start":{"line":466,"column":12},"end":{"line":466,"column":66}},"112":{"start":{"line":468,"column":10},"end":{"line":468,"column":16}},"113":{"start":{"line":472,"column":10},"end":{"line":475,"column":12}},"114":{"start":{"line":476,"column":10},"end":{"line":476,"column":16}},"115":{"start":{"line":479,"column":6},"end":{"line":479,"column":60}},"116":{"start":{"line":489,"column":4},"end":{"line":489,"column":53}},"117":{"start":{"line":492,"column":4},"end":{"line":492,"column":50}},"118":{"start":{"line":501,"column":17},"end":{"line":501,"column":46}},"119":{"start":{"line":502,"column":4},"end":{"line":502,"column":22}},"120":{"start":{"line":502,"column":15},"end":{"line":502,"column":22}},"121":{"start":{"line":504,"column":4},"end":{"line":537,"column":5}},"122":{"start":{"line":506,"column":6},"end":{"line":506,"column":41}},"123":{"start":{"line":507,"column":6},"end":{"line":507,"column":27}},"124":{"start":{"line":508,"column":6},"end":{"line":508,"column":36}},"125":{"start":{"line":511,"column":6},"end":{"line":513,"column":7}},"126":{"start":{"line":512,"column":8},"end":{"line":512,"column":77}},"127":{"start":{"line":516,"column":6},"end":{"line":516,"column":43}},"128":{"start":{"line":519,"column":23},"end":{"line":519,"column":53}},"129":{"start":{"line":520,"column":6},"end":{"line":523,"column":7}},"130":{"start":{"line":521,"column":8},"end":{"line":521,"column":33}},"131":{"start":{"line":522,"column":8},"end":{"line":522,"column":42}},"132":{"start":{"line":526,"column":6},"end":{"line":526,"column":31}},"133":{"start":{"line":529,"column":6},"end":{"line":529,"column":32}},"134":{"start":{"line":530,"column":6},"end":{"line":530,"column":34}},"135":{"start":{"line":531,"column":6},"end":{"line":531,"column":39}},"136":{"start":{"line":534,"column":6},"end":{"line":534,"column":53}},"137":{"start":{"line":536,"column":6},"end":{"line":536,"column":61}},"138":{"start":{"line":546,"column":17},"end":{"line":546,"column":46}},"139":{"start":{"line":547,"column":4},"end":{"line":547,"column":22}},"140":{"start":{"line":547,"column":15},"end":{"line":547,"column":22}},"141":{"start":{"line":549,"column":4},"end":{"line":579,"column":5}},"142":{"start":{"line":551,"column":6},"end":{"line":551,"column":38}},"143":{"start":{"line":552,"column":6},"end":{"line":552,"column":51}},"144":{"start":{"line":553,"column":6},"end":{"line":553,"column":36}},"145":{"start":{"line":556,"column":6},"end":{"line":558,"column":7}},"146":{"start":{"line":557,"column":8},"end":{"line":557,"column":77}},"147":{"start":{"line":561,"column":23},"end":{"line":561,"column":53}},"148":{"start":{"line":562,"column":6},"end":{"line":565,"column":7}},"149":{"start":{"line":563,"column":8},"end":{"line":563,"column":31}},"150":{"start":{"line":564,"column":8},"end":{"line":564,"column":42}},"151":{"start":{"line":568,"column":6},"end":{"line":568,"column":31}},"152":{"start":{"line":571,"column":6},"end":{"line":571,"column":32}},"153":{"start":{"line":572,"column":6},"end":{"line":572,"column":31}},"154":{"start":{"line":573,"column":6},"end":{"line":573,"column":39}},"155":{"start":{"line":576,"column":6},"end":{"line":576,"column":49}},"156":{"start":{"line":578,"column":6},"end":{"line":578,"column":56}},"157":{"start":{"line":587,"column":24},"end":{"line":587,"column":52}},"158":{"start":{"line":589,"column":4},"end":{"line":598,"column":5}},"159":{"start":{"line":591,"column":25},"end":{"line":591,"column":57}},"160":{"start":{"line":592,"column":20},"end":{"line":592,"column":51}},"161":{"start":{"line":594,"column":6},"end":{"line":597,"column":7}},"162":{"start":{"line":595,"column":8},"end":{"line":595,"column":29}},"163":{"start":{"line":596,"column":8},"end":{"line":596,"column":34}},"164":{"start":{"line":600,"column":24},"end":{"line":600,"column":53}},"165":{"start":{"line":602,"column":4},"end":{"line":634,"column":5}},"166":{"start":{"line":604,"column":6},"end":{"line":604,"column":48}},"167":{"start":{"line":607,"column":6},"end":{"line":618,"column":7}},"168":{"start":{"line":608,"column":23},"end":{"line":608,"column":73}},"169":{"start":{"line":609,"column":8},"end":{"line":611,"column":9}},"170":{"start":{"line":610,"column":10},"end":{"line":610,"column":61}},"171":{"start":{"line":614,"column":8},"end":{"line":617,"column":10}},"172":{"start":{"line":621,"column":23},"end":{"line":621,"column":53}},"173":{"start":{"line":622,"column":6},"end":{"line":625,"column":7}},"174":{"start":{"line":623,"column":8},"end":{"line":623,"column":53}},"175":{"start":{"line":624,"column":8},"end":{"line":624,"column":42}},"176":{"start":{"line":628,"column":6},"end":{"line":628,"column":31}},"177":{"start":{"line":631,"column":6},"end":{"line":631,"column":32}},"178":{"start":{"line":632,"column":6},"end":{"line":632,"column":34}},"179":{"start":{"line":633,"column":6},"end":{"line":633,"column":39}},"180":{"start":{"line":637,"column":4},"end":{"line":637,"column":43}},"181":{"start":{"line":645,"column":4},"end":{"line":645,"column":37}},"182":{"start":{"line":648,"column":4},"end":{"line":651,"column":5}},"183":{"start":{"line":649,"column":28},"end":{"line":649,"column":77}},"184":{"start":{"line":650,"column":6},"end":{"line":650,"column":65}},"185":{"start":{"line":650,"column":36},"end":{"line":650,"column":63}},"186":{"start":{"line":659,"column":4},"end":{"line":663,"column":5}},"187":{"start":{"line":660,"column":20},"end":{"line":660,"column":34}},"188":{"start":{"line":661,"column":19},"end":{"line":661,"column":53}},"189":{"start":{"line":661,"column":37},"end":{"line":661,"column":52}},"190":{"start":{"line":662,"column":6},"end":{"line":662,"column":28}},"191":{"start":{"line":662,"column":16},"end":{"line":662,"column":28}},"192":{"start":{"line":664,"column":4},"end":{"line":664,"column":21}},"193":{"start":{"line":672,"column":16},"end":{"line":672,"column":66}},"194":{"start":{"line":674,"column":4},"end":{"line":677,"column":5}},"195":{"start":{"line":675,"column":6},"end":{"line":675,"column":36}},"196":{"start":{"line":676,"column":6},"end":{"line":676,"column":45}},"197":{"start":{"line":679,"column":4},"end":{"line":679,"column":17}},"198":{"start":{"line":687,"column":25},"end":{"line":687,"column":54}},"199":{"start":{"line":690,"column":4},"end":{"line":704,"column":6}},"200":{"start":{"line":695,"column":24},"end":{"line":695,"column":42}},"201":{"start":{"line":707,"column":4},"end":{"line":707,"column":35}},"202":{"start":{"line":714,"column":4},"end":{"line":714,"column":50}},"203":{"start":{"line":714,"column":41},"end":{"line":714,"column":50}},"204":{"start":{"line":716,"column":16},"end":{"line":716,"column":79}},"205":{"start":{"line":716,"column":61},"end":{"line":716,"column":75}},"206":{"start":{"line":717,"column":4},"end":{"line":717,"column":55}},"207":{"start":{"line":730,"column":4},"end":{"line":732,"column":5}},"208":{"start":{"line":731,"column":6},"end":{"line":731,"column":56}},"209":{"start":{"line":735,"column":19},"end":{"line":735,"column":45}},"210":{"start":{"line":738,"column":23},"end":{"line":738,"column":60}},"211":{"start":{"line":741,"column":21},"end":{"line":741,"column":60}},"212":{"start":{"line":744,"column":29},"end":{"line":759,"column":6}},"213":{"start":{"line":757,"column":8},"end":{"line":757,"column":37}},"214":{"start":{"line":762,"column":18},"end":{"line":762,"column":57}},"215":{"start":{"line":763,"column":4},"end":{"line":763,"column":24}},"216":{"start":{"line":766,"column":4},"end":{"line":766,"column":30}},"217":{"start":{"line":769,"column":4},"end":{"line":772,"column":7}},"218":{"start":{"line":775,"column":4},"end":{"line":805,"column":7}},"219":{"start":{"line":776,"column":6},"end":{"line":776,"column":58}},"220":{"start":{"line":779,"column":6},"end":{"line":804,"column":7}},"221":{"start":{"line":780,"column":33},"end":{"line":784,"column":9}},"222":{"start":{"line":781,"column":10},"end":{"line":783,"column":11}},"223":{"start":{"line":782,"column":12},"end":{"line":782,"column":47}},"224":{"start":{"line":786,"column":8},"end":{"line":786,"column":50}},"225":{"start":{"line":789,"column":24},"end":{"line":791,"column":9}},"226":{"start":{"line":790,"column":10},"end":{"line":790,"column":53}},"227":{"start":{"line":793,"column":8},"end":{"line":795,"column":11}},"228":{"start":{"line":794,"column":10},"end":{"line":794,"column":48}},"229":{"start":{"line":794,"column":38},"end":{"line":794,"column":48}},"230":{"start":{"line":797,"column":8},"end":{"line":799,"column":11}},"231":{"start":{"line":798,"column":10},"end":{"line":798,"column":48}},"232":{"start":{"line":798,"column":38},"end":{"line":798,"column":48}},"233":{"start":{"line":801,"column":8},"end":{"line":803,"column":11}},"234":{"start":{"line":802,"column":10},"end":{"line":802,"column":48}},"235":{"start":{"line":802,"column":38},"end":{"line":802,"column":48}},"236":{"start":{"line":814,"column":4},"end":{"line":816,"column":5}},"237":{"start":{"line":815,"column":6},"end":{"line":815,"column":56}},"238":{"start":{"line":819,"column":24},"end":{"line":819,"column":52}},"239":{"start":{"line":821,"column":4},"end":{"line":825,"column":5}},"240":{"start":{"line":823,"column":6},"end":{"line":823,"column":42}},"241":{"start":{"line":824,"column":6},"end":{"line":824,"column":18}},"242":{"start":{"line":828,"column":24},"end":{"line":828,"column":53}},"243":{"start":{"line":830,"column":4},"end":{"line":834,"column":5}},"244":{"start":{"line":832,"column":6},"end":{"line":832,"column":42}},"245":{"start":{"line":833,"column":6},"end":{"line":833,"column":18}},"246":{"start":{"line":836,"column":4},"end":{"line":836,"column":17}},"247":{"start":{"line":845,"column":24},"end":{"line":845,"column":53}},"248":{"start":{"line":846,"column":4},"end":{"line":848,"column":5}},"249":{"start":{"line":847,"column":6},"end":{"line":847,"column":32}},"250":{"start":{"line":851,"column":24},"end":{"line":851,"column":52}},"251":{"start":{"line":852,"column":4},"end":{"line":854,"column":5}},"252":{"start":{"line":853,"column":6},"end":{"line":853,"column":32}},"253":{"start":{"line":857,"column":4},"end":{"line":859,"column":5}},"254":{"start":{"line":858,"column":6},"end":{"line":858,"column":34}},"255":{"start":{"line":861,"column":4},"end":{"line":861,"column":21}},"256":{"start":{"line":869,"column":4},"end":{"line":876,"column":5}},"257":{"start":{"line":870,"column":20},"end":{"line":870,"column":51}},"258":{"start":{"line":871,"column":6},"end":{"line":871,"column":41}},"259":{"start":{"line":873,"column":6},"end":{"line":875,"column":8}},"260":{"start":{"line":874,"column":8},"end":{"line":874,"column":22}},"261":{"start":{"line":884,"column":4},"end":{"line":886,"column":5}},"262":{"start":{"line":885,"column":6},"end":{"line":885,"column":52}},"263":{"start":{"line":888,"column":4},"end":{"line":890,"column":6}},"264":{"start":{"line":889,"column":16},"end":{"line":889,"column":46}},"265":{"start":{"line":897,"column":4},"end":{"line":897,"column":29}},"266":{"start":{"line":905,"column":4},"end":{"line":905,"column":32}},"267":{"start":{"line":905,"column":25},"end":{"line":905,"column":32}},"268":{"start":{"line":907,"column":4},"end":{"line":972,"column":5}},"269":{"start":{"line":908,"column":6},"end":{"line":908,"column":29}},"270":{"start":{"line":911,"column":6},"end":{"line":914,"column":7}},"271":{"start":{"line":912,"column":8},"end":{"line":912,"column":46}},"272":{"start":{"line":913,"column":8},"end":{"line":913,"column":43}},"273":{"start":{"line":917,"column":6},"end":{"line":920,"column":7}},"274":{"start":{"line":918,"column":8},"end":{"line":918,"column":44}},"275":{"start":{"line":919,"column":8},"end":{"line":919,"column":41}},"276":{"start":{"line":923,"column":6},"end":{"line":923,"column":31}},"277":{"start":{"line":926,"column":6},"end":{"line":926,"column":30}},"278":{"start":{"line":928,"column":6},"end":{"line":936,"column":7}},"279":{"start":{"line":930,"column":8},"end":{"line":935,"column":9}},"280":{"start":{"line":931,"column":24},"end":{"line":931,"column":38}},"281":{"start":{"line":932,"column":10},"end":{"line":934,"column":11}},"282":{"start":{"line":933,"column":12},"end":{"line":933,"column":49}},"283":{"start":{"line":939,"column":6},"end":{"line":939,"column":47}},"284":{"start":{"line":942,"column":6},"end":{"line":949,"column":7}},"285":{"start":{"line":943,"column":31},"end":{"line":946,"column":40}},"286":{"start":{"line":944,"column":10},"end":{"line":944,"column":59}},"287":{"start":{"line":945,"column":10},"end":{"line":945,"column":21}},"288":{"start":{"line":948,"column":8},"end":{"line":948,"column":79}},"289":{"start":{"line":952,"column":6},"end":{"line":952,"column":41}},"290":{"start":{"line":953,"column":6},"end":{"line":953,"column":46}},"291":{"start":{"line":954,"column":6},"end":{"line":954,"column":32}},"292":{"start":{"line":957,"column":6},"end":{"line":957,"column":33}},"293":{"start":{"line":958,"column":6},"end":{"line":958,"column":31}},"294":{"start":{"line":959,"column":6},"end":{"line":959,"column":32}},"295":{"start":{"line":960,"column":6},"end":{"line":960,"column":30}},"296":{"start":{"line":961,"column":6},"end":{"line":961,"column":36}},"297":{"start":{"line":963,"column":6},"end":{"line":965,"column":7}},"298":{"start":{"line":964,"column":8},"end":{"line":964,"column":44}},"299":{"start":{"line":968,"column":6},"end":{"line":968,"column":28}},"300":{"start":{"line":970,"column":6},"end":{"line":970,"column":63}},"301":{"start":{"line":971,"column":6},"end":{"line":971,"column":18}},"302":{"start":{"line":98,"column":0},"end":{"line":98,"column":13}}},"fnMap":{"0":{"name":"(anonymous_0)","decl":{"start":{"line":151,"column":2},"end":{"line":151,"column":14}},"loc":{"start":{"line":151,"column":52},"end":{"line":194,"column":3}}},"1":{"name":"(anonymous_1)","decl":{"start":{"line":199,"column":10},"end":{"line":199,"column":23}},"loc":{"start":{"line":199,"column":23},"end":{"line":230,"column":3}}},"2":{"name":"(anonymous_2)","decl":{"start":{"line":201,"column":46},"end":{"line":201,"column":47}},"loc":{"start":{"line":201,"column":60},"end":{"line":204,"column":5}}},"3":{"name":"(anonymous_3)","decl":{"start":{"line":206,"column":43},"end":{"line":206,"column":44}},"loc":{"start":{"line":206,"column":57},"end":{"line":209,"column":5}}},"4":{"name":"(anonymous_4)","decl":{"start":{"line":211,"column":46},"end":{"line":211,"column":47}},"loc":{"start":{"line":211,"column":60},"end":{"line":214,"column":5}}},"5":{"name":"(anonymous_5)","decl":{"start":{"line":217,"column":44},"end":{"line":217,"column":45}},"loc":{"start":{"line":217,"column":58},"end":{"line":220,"column":5}}},"6":{"name":"(anonymous_6)","decl":{"start":{"line":223,"column":34},"end":{"line":223,"column":35}},"loc":{"start":{"line":223,"column":48},"end":{"line":225,"column":5}}},"7":{"name":"(anonymous_7)","decl":{"start":{"line":227,"column":36},"end":{"line":227,"column":37}},"loc":{"start":{"line":227,"column":50},"end":{"line":229,"column":5}}},"8":{"name":"(anonymous_8)","decl":{"start":{"line":235,"column":10},"end":{"line":235,"column":29}},"loc":{"start":{"line":235,"column":29},"end":{"line":286,"column":3}}},"9":{"name":"(anonymous_9)","decl":{"start":{"line":237,"column":43},"end":{"line":237,"column":44}},"loc":{"start":{"line":237,"column":72},"end":{"line":242,"column":5}}},"10":{"name":"(anonymous_10)","decl":{"start":{"line":244,"column":41},"end":{"line":244,"column":42}},"loc":{"start":{"line":244,"column":77},"end":{"line":256,"column":5}}},"11":{"name":"(anonymous_11)","decl":{"start":{"line":260,"column":6},"end":{"line":260,"column":7}},"loc":{"start":{"line":260,"column":45},"end":{"line":277,"column":7}}},"12":{"name":"(anonymous_12)","decl":{"start":{"line":282,"column":6},"end":{"line":282,"column":7}},"loc":{"start":{"line":282,"column":44},"end":{"line":284,"column":7}}},"13":{"name":"(anonymous_13)","decl":{"start":{"line":292,"column":10},"end":{"line":292,"column":28}},"loc":{"start":{"line":292,"column":45},"end":{"line":299,"column":3}}},"14":{"name":"(anonymous_14)","decl":{"start":{"line":304,"column":10},"end":{"line":304,"column":26}},"loc":{"start":{"line":304,"column":26},"end":{"line":308,"column":3}}},"15":{"name":"(anonymous_15)","decl":{"start":{"line":305,"column":41},"end":{"line":305,"column":44}},"loc":{"start":{"line":305,"column":46},"end":{"line":307,"column":5}}},"16":{"name":"(anonymous_16)","decl":{"start":{"line":313,"column":10},"end":{"line":313,"column":27}},"loc":{"start":{"line":313,"column":27},"end":{"line":317,"column":3}}},"17":{"name":"(anonymous_17)","decl":{"start":{"line":314,"column":39},"end":{"line":314,"column":42}},"loc":{"start":{"line":314,"column":44},"end":{"line":316,"column":5}}},"18":{"name":"(anonymous_18)","decl":{"start":{"line":322,"column":10},"end":{"line":322,"column":15}},"loc":{"start":{"line":322,"column":35},"end":{"line":366,"column":3}}},"19":{"name":"(anonymous_19)","decl":{"start":{"line":373,"column":10},"end":{"line":373,"column":15}},"loc":{"start":{"line":375,"column":20},"end":{"line":430,"column":3}}},"20":{"name":"(anonymous_20)","decl":{"start":{"line":386,"column":31},"end":{"line":386,"column":34}},"loc":{"start":{"line":386,"column":36},"end":{"line":399,"column":9}}},"21":{"name":"(anonymous_21)","decl":{"start":{"line":396,"column":19},"end":{"line":396,"column":20}},"loc":{"start":{"line":397,"column":14},"end":{"line":397,"column":74}}},"22":{"name":"(anonymous_22)","decl":{"start":{"line":437,"column":10},"end":{"line":437,"column":29}},"loc":{"start":{"line":437,"column":60},"end":{"line":481,"column":3}}},"23":{"name":"(anonymous_23)","decl":{"start":{"line":488,"column":10},"end":{"line":488,"column":27}},"loc":{"start":{"line":488,"column":56},"end":{"line":493,"column":3}}},"24":{"name":"(anonymous_24)","decl":{"start":{"line":500,"column":10},"end":{"line":500,"column":30}},"loc":{"start":{"line":500,"column":58},"end":{"line":538,"column":3}}},"25":{"name":"(anonymous_25)","decl":{"start":{"line":545,"column":10},"end":{"line":545,"column":27}},"loc":{"start":{"line":545,"column":54},"end":{"line":580,"column":3}}},"26":{"name":"(anonymous_26)","decl":{"start":{"line":586,"column":10},"end":{"line":586,"column":32}},"loc":{"start":{"line":586,"column":47},"end":{"line":638,"column":3}}},"27":{"name":"(anonymous_27)","decl":{"start":{"line":644,"column":10},"end":{"line":644,"column":21}},"loc":{"start":{"line":644,"column":36},"end":{"line":652,"column":3}}},"28":{"name":"(anonymous_28)","decl":{"start":{"line":650,"column":28},"end":{"line":650,"column":29}},"loc":{"start":{"line":650,"column":36},"end":{"line":650,"column":63}}},"29":{"name":"(anonymous_29)","decl":{"start":{"line":658,"column":10},"end":{"line":658,"column":25}},"loc":{"start":{"line":658,"column":40},"end":{"line":665,"column":3}}},"30":{"name":"(anonymous_30)","decl":{"start":{"line":661,"column":30},"end":{"line":661,"column":31}},"loc":{"start":{"line":661,"column":37},"end":{"line":661,"column":52}}},"31":{"name":"(anonymous_31)","decl":{"start":{"line":671,"column":10},"end":{"line":671,"column":26}},"loc":{"start":{"line":671,"column":51},"end":{"line":680,"column":3}}},"32":{"name":"(anonymous_32)","decl":{"start":{"line":685,"column":10},"end":{"line":685,"column":21}},"loc":{"start":{"line":685,"column":21},"end":{"line":708,"column":3}}},"33":{"name":"(anonymous_33)","decl":{"start":{"line":695,"column":8},"end":{"line":695,"column":9}},"loc":{"start":{"line":695,"column":24},"end":{"line":695,"column":42}}},"34":{"name":"(anonymous_34)","decl":{"start":{"line":713,"column":10},"end":{"line":713,"column":34}},"loc":{"start":{"line":713,"column":34},"end":{"line":718,"column":3}}},"35":{"name":"(anonymous_35)","decl":{"start":{"line":716,"column":42},"end":{"line":716,"column":43}},"loc":{"start":{"line":716,"column":61},"end":{"line":716,"column":75}}},"36":{"name":"(anonymous_36)","decl":{"start":{"line":725,"column":9},"end":{"line":725,"column":14}},"loc":{"start":{"line":727,"column":44},"end":{"line":806,"column":3}}},"37":{"name":"(anonymous_37)","decl":{"start":{"line":756,"column":6},"end":{"line":756,"column":10}},"loc":{"start":{"line":756,"column":18},"end":{"line":758,"column":7}}},"38":{"name":"(anonymous_38)","decl":{"start":{"line":775,"column":26},"end":{"line":775,"column":27}},"loc":{"start":{"line":775,"column":46},"end":{"line":805,"column":5}}},"39":{"name":"(anonymous_39)","decl":{"start":{"line":780,"column":33},"end":{"line":780,"column":34}},"loc":{"start":{"line":780,"column":47},"end":{"line":784,"column":9}}},"40":{"name":"(anonymous_40)","decl":{"start":{"line":789,"column":24},"end":{"line":789,"column":27}},"loc":{"start":{"line":789,"column":29},"end":{"line":791,"column":9}}},"41":{"name":"(anonymous_41)","decl":{"start":{"line":793,"column":35},"end":{"line":793,"column":36}},"loc":{"start":{"line":793,"column":49},"end":{"line":795,"column":9}}},"42":{"name":"(anonymous_42)","decl":{"start":{"line":797,"column":32},"end":{"line":797,"column":33}},"loc":{"start":{"line":797,"column":46},"end":{"line":799,"column":9}}},"43":{"name":"(anonymous_43)","decl":{"start":{"line":801,"column":35},"end":{"line":801,"column":36}},"loc":{"start":{"line":801,"column":49},"end":{"line":803,"column":9}}},"44":{"name":"(anonymous_44)","decl":{"start":{"line":812,"column":9},"end":{"line":812,"column":14}},"loc":{"start":{"line":812,"column":40},"end":{"line":837,"column":3}}},"45":{"name":"(anonymous_45)","decl":{"start":{"line":843,"column":9},"end":{"line":843,"column":14}},"loc":{"start":{"line":843,"column":43},"end":{"line":862,"column":3}}},"46":{"name":"(anonymous_46)","decl":{"start":{"line":868,"column":9},"end":{"line":868,"column":24}},"loc":{"start":{"line":868,"column":44},"end":{"line":877,"column":3}}},"47":{"name":"(anonymous_47)","decl":{"start":{"line":873,"column":58},"end":{"line":873,"column":59}},"loc":{"start":{"line":874,"column":8},"end":{"line":874,"column":22}}},"48":{"name":"(anonymous_48)","decl":{"start":{"line":883,"column":9},"end":{"line":883,"column":24}},"loc":{"start":{"line":883,"column":44},"end":{"line":891,"column":3}}},"49":{"name":"(anonymous_49)","decl":{"start":{"line":889,"column":6},"end":{"line":889,"column":7}},"loc":{"start":{"line":889,"column":16},"end":{"line":889,"column":46}}},"50":{"name":"(anonymous_50)","decl":{"start":{"line":896,"column":9},"end":{"line":896,"column":17}},"loc":{"start":{"line":896,"column":17},"end":{"line":898,"column":3}}},"51":{"name":"(anonymous_51)","decl":{"start":{"line":904,"column":9},"end":{"line":904,"column":14}},"loc":{"start":{"line":904,"column":46},"end":{"line":973,"column":3}}},"52":{"name":"(anonymous_52)","decl":{"start":{"line":943,"column":56},"end":{"line":943,"column":57}},"loc":{"start":{"line":943,"column":71},"end":{"line":946,"column":9}}},"53":{"name":"(anonymous_53)","decl":{"start":{"line":979,"column":10},"end":{"line":979,"column":27}},"loc":{"start":{"line":979,"column":27},"end":{"line":981,"column":3}}},"54":{"name":"(anonymous_54)","decl":{"start":{"line":986,"column":10},"end":{"line":986,"column":26}},"loc":{"start":{"line":986,"column":26},"end":{"line":988,"column":3}}}},"branchMap":{"0":{"loc":{"start":{"line":151,"column":14},"end":{"line":151,"column":52}},"type":"default-arg","locations":[{"start":{"line":151,"column":50},"end":{"line":151,"column":52}}]},"1":{"loc":{"start":{"line":172,"column":18},"end":{"line":172,"column":45}},"type":"binary-expr","locations":[{"start":{"line":172,"column":18},"end":{"line":172,"column":40}},{"start":{"line":172,"column":44},"end":{"line":172,"column":45}}]},"2":{"loc":{"start":{"line":173,"column":18},"end":{"line":173,"column":45}},"type":"binary-expr","locations":[{"start":{"line":173,"column":18},"end":{"line":173,"column":40}},{"start":{"line":173,"column":44},"end":{"line":173,"column":45}}]},"3":{"loc":{"start":{"line":174,"column":19},"end":{"line":174,"column":51}},"type":"binary-expr","locations":[{"start":{"line":174,"column":19},"end":{"line":174,"column":42}},{"start":{"line":174,"column":46},"end":{"line":174,"column":51}}]},"4":{"loc":{"start":{"line":189,"column":4},"end":{"line":193,"column":5}},"type":"if","locations":[{"start":{"line":189,"column":4},"end":{"line":193,"column":5}}]},"5":{"loc":{"start":{"line":253,"column":6},"end":{"line":255,"column":7}},"type":"if","locations":[{"start":{"line":253,"column":6},"end":{"line":255,"column":7}}]},"6":{"loc":{"start":{"line":269,"column":8},"end":{"line":276,"column":9}},"type":"if","locations":[{"start":{"line":269,"column":8},"end":{"line":276,"column":9}}]},"7":{"loc":{"start":{"line":294,"column":6},"end":{"line":296,"column":7}},"type":"if","locations":[{"start":{"line":294,"column":6},"end":{"line":296,"column":7}}]},"8":{"loc":{"start":{"line":324,"column":4},"end":{"line":324,"column":32}},"type":"if","locations":[{"start":{"line":324,"column":4},"end":{"line":324,"column":32}}]},"9":{"loc":{"start":{"line":329,"column":6},"end":{"line":329,"column":36}},"type":"if","locations":[{"start":{"line":329,"column":6},"end":{"line":329,"column":36}}]},"10":{"loc":{"start":{"line":336,"column":8},"end":{"line":336,"column":30}},"type":"if","locations":[{"start":{"line":336,"column":8},"end":{"line":336,"column":30}}]},"11":{"loc":{"start":{"line":340,"column":8},"end":{"line":340,"column":28}},"type":"if","locations":[{"start":{"line":340,"column":8},"end":{"line":340,"column":28}}]},"12":{"loc":{"start":{"line":382,"column":22},"end":{"line":382,"column":69}},"type":"binary-expr","locations":[{"start":{"line":382,"column":22},"end":{"line":382,"column":42}},{"start":{"line":382,"column":46},"end":{"line":382,"column":69}}]},"13":{"loc":{"start":{"line":385,"column":6},"end":{"line":400,"column":7}},"type":"if","locations":[{"start":{"line":385,"column":6},"end":{"line":400,"column":7}}]},"14":{"loc":{"start":{"line":421,"column":8},"end":{"line":421,"column":47}},"type":"if","locations":[{"start":{"line":421,"column":8},"end":{"line":421,"column":47}}]},"15":{"loc":{"start":{"line":438,"column":4},"end":{"line":438,"column":42}},"type":"if","locations":[{"start":{"line":438,"column":4},"end":{"line":438,"column":42}}]},"16":{"loc":{"start":{"line":438,"column":8},"end":{"line":438,"column":33}},"type":"binary-expr","locations":[{"start":{"line":438,"column":8},"end":{"line":438,"column":16}},{"start":{"line":438,"column":20},"end":{"line":438,"column":33}}]},"17":{"loc":{"start":{"line":441,"column":6},"end":{"line":477,"column":7}},"type":"switch","locations":[{"start":{"line":442,"column":8},"end":{"line":456,"column":16}},{"start":{"line":458,"column":8},"end":{"line":462,"column":16}},{"start":{"line":464,"column":8},"end":{"line":468,"column":16}},{"start":{"line":470,"column":8},"end":{"line":476,"column":16}}]},"18":{"loc":{"start":{"line":443,"column":10},"end":{"line":455,"column":11}},"type":"if","locations":[{"start":{"line":443,"column":10},"end":{"line":455,"column":11}}]},"19":{"loc":{"start":{"line":443,"column":14},"end":{"line":443,"column":48}},"type":"binary-expr","locations":[{"start":{"line":443,"column":14},"end":{"line":443,"column":28}},{"start":{"line":443,"column":32},"end":{"line":443,"column":48}}]},"20":{"loc":{"start":{"line":459,"column":10},"end":{"line":461,"column":11}},"type":"if","locations":[{"start":{"line":459,"column":10},"end":{"line":461,"column":11}}]},"21":{"loc":{"start":{"line":459,"column":14},"end":{"line":459,"column":60}},"type":"binary-expr","locations":[{"start":{"line":459,"column":14},"end":{"line":459,"column":28}},{"start":{"line":459,"column":32},"end":{"line":459,"column":60}}]},"22":{"loc":{"start":{"line"
[...]
:15},"end":{"line":240,"column":3}}},"10":{"name":"(anonymous_10)","decl":{"start":{"line":247,"column":2},"end":{"line":247,"column":17}},"loc":{"start":{"line":247,"column":56},"end":{"line":259,"column":3}}},"11":{"name":"(anonymous_11)","decl":{"start":{"line":265,"column":2},"end":{"line":265,"column":10}},"loc":{"start":{"line":265,"column":10},"end":{"line":282,"column":3}}},"12":{"name":"(anonymous_12)","decl":{"start":{"line":287,"column":2},"end":{"line":287,"column":18}},"loc":{"start":{"line":287,"column":18},"end":{"line":297,"column":3}}},"13":{"name":"(anonymous_13)","decl":{"start":{"line":304,"column":2},"end":{"line":304,"column":7}},"loc":{"start":{"line":304,"column":39},"end":{"line":328,"column":3}}},"14":{"name":"(anonymous_14)","decl":{"start":{"line":316,"column":33},"end":{"line":316,"column":34}},"loc":{"start":{"line":316,"column":43},"end":{"line":318,"column":9}}},"15":{"name":"(anonymous_15)","decl":{"start":{"line":334,"column":10},"end":{"line":334,"column":22}},"loc":{"start":{"line":334,"column":39},"end":{"line":359,"column":3}}},"16":{"name":"(anonymous_16)","decl":{"start":{"line":344,"column":29},"end":{"line":344,"column":32}},"loc":{"start":{"line":344,"column":34},"end":{"line":356,"column":5}}},"17":{"name":"(anonymous_17)","decl":{"start":{"line":365,"column":10},"end":{"line":365,"column":24}},"loc":{"start":{"line":365,"column":41},"end":{"line":371,"column":3}}}},"branchMap":{"0":{"loc":{"start":{"line":109,"column":4},"end":{"line":111,"column":5}},"type":"if","locations":[{"start":{"line":109,"column":4},"end":{"line":111,"column":5}}]},"1":{"loc":{"start":{"line":114,"column":4},"end":{"line":116,"column":5}},"type":"if","locations":[{"start":{"line":114,"column":4},"end":{"line":116,"column":5}}]},"2":{"loc":{"start":{"line":125,"column":4},"end":{"line":129,"column":5}},"type":"if","locations":[{"start":{"line":125,"column":4},"end":{"line":129,"column":5}},{"start":{"line":127,"column":11},"end":{"line":129,"column":5}}]},"3":{"loc":{"start":{"line":127,"column":11},"end":{"line":129,"column":5}},"type":"if","locations":[{"start":{"line":127,"column":11},"end":{"line":129,"column":5}}]},"4":{"loc":{"start":{"line":131,"column":4},"end":{"line":135,"column":5}},"type":"if","locations":[{"start":{"line":131,"column":4},"end":{"line":135,"column":5}},{"start":{"line":133,"column":11},"end":{"line":135,"column":5}}]},"5":{"loc":{"start":{"line":133,"column":11},"end":{"line":135,"column":5}},"type":"if","locations":[{"start":{"line":133,"column":11},"end":{"line":135,"column":5}}]},"6":{"loc":{"start":{"line":186,"column":4},"end":{"line":186,"column":24}},"type":"if","locations":[{"start":{"line":186,"column":4},"end":{"line":186,"column":24}}]},"7":{"loc":{"start":{"line":209,"column":6},"end":{"line":211,"column":7}},"type":"if","locations":[{"start":{"line":209,"column":6},"end":{"line":211,"column":7}}]},"8":{"loc":{"start":{"line":222,"column":11},"end":{"line":222,"column":66}},"type":"binary-expr","locations":[{"start":{"line":222,"column":11},"end":{"line":222,"column":42}},{"start":{"line":222,"column":46},"end":{"line":222,"column":66}}]},"9":{"loc":{"start":{"line":249,"column":4},"end":{"line":249,"column":24}},"type":"if","locations":[{"start":{"line":249,"column":4},"end":{"line":249,"column":24}}]},"10":{"loc":{"start":{"line":254,"column":4},"end":{"line":258,"column":5}},"type":"if","locations":[{"start":{"line":254,"column":4},"end":{"line":258,"column":5}},{"start":{"line":256,"column":11},"end":{"line":258,"column":5}}]},"11":{"loc":{"start":{"line":270,"column":6},"end":{"line":274,"column":7}},"type":"if","locations":[{"start":{"line":270,"column":6},"end":{"line":274,"column":7}},{"start":{"line":272,"column":13},"end":{"line":274,"column":7}}]},"12":{"loc":{"start":{"line":272,"column":13},"end":{"line":274,"column":7}},"type":"if","locations":[{"start":{"line":272,"column":13},"end":{"line":274,"column":7}}]},"13":{"loc":{"start":{"line":288,"column":4},"end":{"line":288,"column":31}},"type":"if","locations":[{"start":{"line":288,"column":4},"end":{"line":288,"column":31}}]},"14":{"loc":{"start":{"line":304,"column":17},"end":{"line":304,"column":39}},"type":"default-arg","locations":[{"start":{"line":304,"column":34},"end":{"line":304,"column":39}}]},"15":{"loc":{"start":{"line":340,"column":4},"end":{"line":342,"column":5}},"type":"if","locations":[{"start":{"line":340,"column":4},"end":{"line":342,"column":5}}]},"16":{"loc":{"start":{"line":340,"column":8},"end":{"line":340,"column":71}},"type":"binary-expr","locations":[{"start":{"line":340,"column":8},"end":{"line":340,"column":24}},{"start":{"line":340,"column":28},"end":{"line":340,"column":71}}]},"17":{"loc":{"start":{"line":346,"column":6},"end":{"line":348,"column":7}},"type":"if","locations":[{"start":{"line":346,"column":6},"end":{"line":348,"column":7}}]},"18":{"loc":{"start":{"line":352,"column":6},"end":{"line":355,"column":7}},"type":"if","locations":[{"start":{"line":352,"column":6},"end":{"line":355,"column":7}}]},"19":{"loc":{"start":{"line":367,"column":4},"end":{"line":370,"column":5}},"type":"if","locations":[{"start":{"line":367,"column":4},"end":{"line":370,"column":5}}]}},"s":{"0":1,"1":1,"2":1,"3":1,"4":22,"5":22,"6":22,"7":22,"8":22,"9":22,"10":25,"11":0,"12":25,"13":1,"14":24,"15":24,"16":0,"17":24,"18":0,"19":24,"20":0,"21":24,"22":0,"23":24,"24":24,"25":1,"26":24,"27":1,"28":1,"29":24,"30":5,"31":5,"32":5,"33":5,"34":24,"35":24,"36":24,"37":24,"38":24,"39":3,"40":3,"41":1,"42":2,"43":2,"44":2,"45":2,"46":2,"47":0,"48":2,"49":2,"50":1,"51":1,"52":5,"53":8,"54":1,"55":5,"56":5,"57":1,"58":4,"59":4,"60":0,"61":4,"62":6,"63":6,"64":6,"65":7,"66":1,"67":6,"68":6,"69":6,"70":2,"71":0,"72":2,"73":2,"74":2,"75":2,"76":1,"77":1,"78":1,"79":1,"80":1,"81":1,"82":2,"83":0,"84":1,"85":1,"86":1,"87":24,"88":24,"89":24,"90":16,"91":8,"92":1,"93":0,"94":1,"95":1,"96":1,"97":8,"98":36,"99":36,"100":2,"101":2,"102":1},"f":{"0":22,"1":25,"2":1,"3":1,"4":5,"5":3,"6":2,"7":5,"8":8,"9":1,"10":5,"11":6,"12":2,"13":1,"14":0,"15":24,"16":1,"17":36},"b":{"0":[0],"1":[1],"2":[0,24],"3":[0],"4":[0,24],"5":[0],"6":[1],"7":[1],"8":[5,1],"9":[1],"10":[0,4],"11":[1,6],"12":[6],"13":[0],"14":[1],"15":[16],"16":[24,24],"17":[0],"18":[1],"19":[2]}}
,"/Users/super/Documents/GitHub/hyperviz/packages/worker/src/core/queue/task-queue.ts": {"path":"/Users/super/Documents/GitHub/hyperviz/packages/worker/src/core/queue/task-queue.ts","statementMap":{"0":{"start":{"line":6,"column":0},"end":{"line":6,"column":58}},"1":{"start":{"line":39,"column":10},"end":{"line":39,"column":35}},"2":{"start":{"line":43,"column":4},"end":{"line":43,"column":26}},"3":{"start":{"line":44,"column":4},"end":{"line":44,"column":16}},"4":{"start":{"line":49,"column":4},"end":{"line":49,"column":30}},"5":{"start":{"line":54,"column":4},"end":{"line":54,"column":35}},"6":{"start":{"line":59,"column":4},"end":{"line":59,"column":29}},"7":{"start":{"line":64,"column":24},"end":{"line":64,"column":41}},"8":{"start":{"line":65,"column":4},"end":{"line":65,"column":65}},"9":{"start":{"line":65,"column":45},"end":{"line":65,"column":63}},"10":{"start":{"line":66,"column":4},"end":{"line":66,"column":43}},"11":{"start":{"line":71,"column":4},"end":{"line":71,"column":27}},"12":{"start":{"line":76,"column":4},"end":{"line":76,"column":20}},"13":{"start":{"line":81,"column":4},"end":{"line":95,"column":7}},"14":{"start":{"line":84,"column":8},"end":{"line":84,"column":67}},"15":{"start":{"line":86,"column":8},"end":{"line":86,"column":67}},"16":{"start":{"line":89,"column":6},"end":{"line":91,"column":7}},"17":{"start":{"line":90,"column":8},"end":{"line":90,"column":37}},"18":{"start":{"line":94,"column":6},"end":{"line":94,"column":43}},"19":{"start":{"line":37,"column":0},"end":{"line":37,"column":13}}},"fnMap":{"0":{"name":"(anonymous_0)","decl":{"start":{"line":37,"column":0},"end":{"line":37,"column":13}},"loc":{"start":{"line":37,"column":0},"end":{"line":97,"column":1}}},"1":{"name":"(anonymous_1)","decl":{"start":{"line":42,"column":2},"end":{"line":42,"column":9}},"loc":{"start":{"line":42,"column":26},"end":{"line":45,"column":3}}},"2":{"name":"(anonymous_2)","decl":{"start":{"line":48,"column":2},"end":{"line":48,"column":9}},"loc":{"start":{"line":48,"column":9},"end":{"line":50,"column":3}}},"3":{"name":"(anonymous_3)","decl":{"start":{"line":53,"column":2},"end":{"line":53,"column":9}},"loc":{"start":{"line":53,"column":9},"end":{"line":55,"column":3}}},"4":{"name":"(anonymous_4)","decl":{"start":{"line":58,"column":2},"end":{"line":58,"column":6}},"loc":{"start":{"line":58,"column":6},"end":{"line":60,"column":3}}},"5":{"name":"(anonymous_5)","decl":{"start":{"line":63,"column":2},"end":{"line":63,"column":8}},"loc":{"start":{"line":63,"column":23},"end":{"line":67,"column":3}}},"6":{"name":"(anonymous_6)","decl":{"start":{"line":65,"column":35},"end":{"line":65,"column":36}},"loc":{"start":{"line":65,"column":45},"end":{"line":65,"column":63}}},"7":{"name":"(anonymous_7)","decl":{"start":{"line":70,"column":2},"end":{"line":70,"column":8}},"loc":{"start":{"line":70,"column":8},"end":{"line":72,"column":3}}},"8":{"name":"(anonymous_8)","decl":{"start":{"line":75,"column":2},"end":{"line":75,"column":7}},"loc":{"start":{"line":75,"column":7},"end":{"line":77,"column":3}}},"9":{"name":"(anonymous_9)","decl":{"start":{"line":80,"column":10},"end":{"line":80,"column":14}},"loc":{"start":{"line":80,"column":14},"end":{"line":96,"column":3}}},"10":{"name":"(anonymous_10)","decl":{"start":{"line":81,"column":20},"end":{"line":81,"column":21}},"loc":{"start":{"line":81,"column":29},"end":{"line":95,"column":5}}}},"branchMap":{"0":{"loc":{"start":{"line":84,"column":8},"end":{"line":84,"column":67}},"type":"cond-expr","locations":[{"start":{"line":84,"column":35},"end":{"line":84,"column":45}},{"start":{"line":84,"column":48},"end":{"line":84,"column":67}}]},"1":{"loc":{"start":{"line":86,"column":8},"end":{"line":86,"column":67}},"type":"cond-expr","locations":[{"start":{"line":86,"column":35},"end":{"line":86,"column":45}},{"start":{"line":86,"column":48},"end":{"line":86,"column":67}}]},"2":{"loc":{"start":{"line":89,"column":6},"end":{"line":91,"column":7}},"type":"if","locations":[{"start":{"line":89,"column":6},"end":{"line":91,"column":7}}]}},"s":{"0":2,"1":13,"2":26,"3":26,"4":15,"5":4,"6":8,"7":2,"8":2,"9":4,"10":2,"11":4,"12":1,"13":26,"14":31,"15":31,"16":31,"17":16,"18":15,"19":2},"f":{"0":13,"1":26,"2":15,"3":4,"4":8,"5":2,"6":4,"7":4,"8":1,"9":26,"10":31},"b":{"0":[31,0],"1":[31,0],"2":[16]}}
,"/Users/super/Documents/GitHub/hyperviz/packages/worker/src/types/index.ts": {"path":"/Users/super/Documents/GitHub/hyperviz/packages/worker/src/types/index.ts","statementMap":{"0":{"start":{"line":1,"column":0},"end":{"line":1,"column":32}},"1":{"start":{"line":5,"column":0},"end":{"line":5,"column":null}},"2":{"start":{"line":7,"column":2},"end":{"line":7,"column":null}},"3":{"start":{"line":9,"column":2},"end":{"line":9,"column":null}},"4":{"start":{"line":11,"column":2},"end":{"line":11,"column":null}},"5":{"start":{"line":13,"column":2},"end":{"line":13,"column":null}},"6":{"start":{"line":15,"column":2},"end":{"line":15,"column":null}},"7":{"start":{"line":21,"column":0},"end":{"line":21,"column":null}},"8":{"start":{"line":23,"column":2},"end":{"line":23,"column":null}},"9":{"start":{"line":25,"column":2},"end":{"line":25,"column":null}},"10":{"start":{"line":27,"column":2},"end":{"line":27,"column":null}},"11":{"start":{"line":33,"column":0},"end":{"line":33,"column":null}},"12":{"start":{"line":35,"column":2},"end":{"line":35,"column":null}},"13":{"start":{"line":37,"column":2},"end":{"line":37,"column":null}},"14":{"start":{"line":39,"column":2},"end":{"line":39,"column":null}},"15":{"start":{"line":41,"column":2},"end":{"line":41,"column":null}},"16":{"start":{"line":43,"column":2},"end":{"line":43,"column":null}},"17":{"start":{"line":45,"column":2},"end":{"line":45,"column":null}},"18":{"start":{"line":51,"column":0},"end":{"line":51,"column":null}},"19":{"start":{"line":53,"column":2},"end":{"line":53,"column":null}},"20":{"start":{"line":55,"column":2},"end":{"line":55,"column":null}},"21":{"start":{"line":57,"column":2},"end":{"line":57,"column":null}},"22":{"start":{"line":63,"column":0},"end":{"line":63,"column":null}},"23":{"start":{"line":64,"column":2},"end":{"line":64,"column":null}},"24":{"start":{"line":65,"column":2},"end":{"line":65,"column":null}},"25":{"start":{"line":66,"column":2},"end":{"line":66,"column":null}},"26":{"start":{"line":67,"column":2},"end":{"line":67,"column":null}}},"fnMap":{"0":{"name":"(anonymous_4)","decl":{"start":{"line":5,"column":0},"end":{"line":5,"column":12}},"loc":{"start":{"line":5,"column":22},"end":{"line":16,"column":1}}},"1":{"name":"(anonymous_5)","decl":{"start":{"line":21,"column":0},"end":{"line":21,"column":12}},"loc":{"start":{"line":21,"column":24},"end":{"line":28,"column":1}}},"2":{"name":"(anonymous_6)","decl":{"start":{"line":33,"column":0},"end":{"line":33,"column":12}},"loc":{"start":{"line":33,"column":24},"end":{"line":46,"column":1}}},"3":{"name":"(anonymous_7)","decl":{"start":{"line":51,"column":0},"end":{"line":51,"column":12}},"loc":{"start":{"line":51,"column":22},"end":{"line":58,"column":1}}},"4":{"name":"(anonymous_8)","decl":{"start":{"line":63,"column":0},"end":{"line":63,"column":12}},"loc":{"start":{"line":63,"column":20},"end":{"line":68,"column":1}}}},"branchMap":{"0":{"loc":{"start":{"line":5,"column":12},"end":{"line":5,"column":null}},"type":"binary-expr","locations":[{"start":{"line":5,"column":12},"end":{"line":5,"column":22}},{"start":{"line":5,"column":22},"end":{"line":5,"column":null}}]},"1":{"loc":{"start":{"line":21,"column":12},"end":{"line":21,"column":null}},"type":"binary-expr","locations":[{"start":{"line":21,"column":12},"end":{"line":21,"column":24}},{"start":{"line":21,"column":24},"end":{"line":21,"column":null}}]},"2":{"loc":{"start":{"line":33,"column":12},"end":{"line":33,"column":null}},"type":"binary-expr","locations":[{"start":{"line":33,"column":12},"end":{"line":33,"column":24}},{"start":{"line":33,"column":24},"end":{"line":33,"column":null}}]},"3":{"loc":{"start":{"line":51,"column":12},"end":{"line":51,"column":null}},"type":"binary-expr","locations":[{"start":{"line":51,"column":12},"end":{"line":51,"column":22}},{"start":{"line":51,"column":22},"end":{"line":51,"column":null}}]},"4":{"loc":{"start":{"line":63,"column":12},"end":{"line":63,"column":null}},"type":"binary-expr","locations":[{"start":{"line":63,"column":12},"end":{"line":63,"column":20}},{"start":{"line":63,"column":20},"end":{"line":63,"column":null}}]}},"s":{"0":4,"1":4,"2":4,"3":4,"4":4,"5":4,"6":4,"7":4,"8":4,"9":4,"10":4,"11":4,"12":4,"13":4,"14":4,"15":4,"16":4,"17":4,"18":4,"19":4,"20":4,"21":4,"22":4,"23":4,"24":4,"25":4,"26":4},"f":{"0":4,"1":4,"2":4,"3":4,"4":4},"b":{"0":[4,4],"1":[4,4],"2":[4,4],"3":[4,4],"4":[4,4]}}
,"/Users/super/Documents/GitHub/hyperviz/packages/worker/src/utils/logger.ts": {"path":"/Users/super/Documents/GitHub/hyperviz/packages/worker/src/utils/logger.ts","statementMap":{"0":{"start":{"line":6,"column":0},"end":{"line":6,"column":45}},"1":{"start":{"line":25,"column":36},"end":{"line":29,"column":2}},"2":{"start":{"line":43,"column":4},"end":{"line":46,"column":6}},"3":{"start":{"line":54,"column":4},"end":{"line":57,"column":6}},"4":{"start":{"line":66,"column":4},"end":{"line":66,"column":47}},"5":{"start":{"line":75,"column":4},"end":{"line":75,"column":46}},"6":{"start":{"line":84,"column":4},"end":{"line":84,"column":46}},"7":{"start":{"line":93,"column":4},"end":{"line":93,"column":47}},"8":{"start":{"line":104,"column":4},"end":{"line":106,"column":5}},"9":{"start":{"line":105,"column":6},"end":{"line":105,"column":13}},"10":{"start":{"line":109,"column":22},"end":{"line":109,"column":46}},"11":{"start":{"line":110,"column":29},"end":{"line":110,"column":67}},"12":{"start":{"line":113,"column":4},"end":{"line":115,"column":5}},"13":{"start":{"line":114,"column":6},"end":{"line":114,"column":66}},"14":{"start":{"line":118,"column":4},"end":{"line":133,"column":5}},"15":{"start":{"line":119,"column":6},"end":{"line":132,"column":7}},"16":{"start":{"line":121,"column":10},"end":{"line":121,"column":51}},"17":{"start":{"line":122,"column":10},"end":{"line":122,"column":16}},"18":{"start":{"line":124,"column":10},"end":{"line":124,"column":50}},"19":{"start":{"line":125,"column":10},"end":{"line":125,"column":16}},"20":{"start":{"line":127,"column":10},"end":{"line":127,"column":50}},"21":{"start":{"line":128,"column":10},"end":{"line":128,"column":16}},"22":{"start":{"line":130,"column":10},"end":{"line":130,"column":51}},"23":{"start":{"line":131,"column":10},"end":{"line":131,"column":16}},"24":{"start":{"line":142,"column":19},"end":{"line":147,"column":6}},"25":{"start":{"line":149,"column":4},"end":{"line":149,"column":54}},"26":{"start":{"line":156,"column":13},"end":{"line":156,"column":35}}},"fnMap":{"0":{"name":"(anonymous_0)","decl":{"start":{"line":42,"column":2},"end":{"line":42,"column":14}},"loc":{"start":{"line":42,"column":48},"end":{"line":47,"column":3}}},"1":{"name":"(anonymous_1)","decl":{"start":{"line":53,"column":2},"end":{"line":53,"column":11}},"loc":{"start":{"line":53,"column":41},"end":{"line":58,"column":3}}},"2":{"name":"(anonymous_2)","decl":{"start":{"line":65,"column":2},"end":{"line":65,"column":7}},"loc":{"start":{"line":65,"column":39},"end":{"line":67,"column":3}}},"3":{"name":"(anonymous_3)","decl":{"start":{"line":74,"column":2},"end":{"line":74,"column":6}},"loc":{"start":{"line":74,"column":38},"end":{"line":76,"column":3}}},"4":{"name":"(anonymous_4)","decl":{"start":{"line":83,"column":2},"end":{"line":83,"column":6}},"loc":{"start":{"line":83,"column":38},"end":{"line":85,"column":3}}},"5":{"name":"(anonymous_5)","decl":{"start":{"line":92,"column":2},"end":{"line":92,"column":7}},"loc":{"start":{"line":92,"column":39},"end":{"line":94,"column":3}}},"6":{"name":"(anonymous_6)","decl":{"start":{"line":102,"column":10},"end":{"line":102,"column":13}},"loc":{"start":{"line":102,"column":62},"end":{"line":134,"column":3}}},"7":{"name":"(anonymous_7)","decl":{"start":{"line":141,"column":10},"end":{"line":141,"column":19}},"loc":{"start":{"line":141,"column":35},"end":{"line":150,"column":3}}}},"branchMap":{"0":{"loc":{"start":{"line":42,"column":14},"end":{"line":42,"column":48}},"type":"default-arg","locations":[{"start":{"line":42,"column":46},"end":{"line":42,"column":48}}]},"1":{"loc":{"start":{"line":104,"column":4},"end":{"line":106,"column":5}},"type":"if","locations":[{"start":{"line":104,"column":4},"end":{"line":106,"column":5}}]},"2":{"loc":{"start":{"line":104,"column":8},"end":{"line":104,"column":54}},"type":"binary-expr","locations":[{"start":{"line":104,"column":8},"end":{"line":104,"column":28}},{"start":{"line":104,"column":32},"end":{"line":104,"column":54}}]},"3":{"loc":{"start":{"line":113,"column":4},"end":{"line":115,"column":5}},"type":"if","locations":[{"start":{"line":113,"column":4},"end":{"line":115,"column":5}}]},"4":{"loc":{"start":{"line":118,"column":4},"end":{"line":133,"column":5}},"type":"if","locations":[{"start":{"line":118,"column":4},"end":{"line":133,"column":5}}]},"5":{"loc":{"start":{"line":119,"column":6},"end":{"line":132,"column":7}},"type":"switch","locations":[{"start":{"line":120,"column":8},"end":{"line":122,"column":16}},{"start":{"line":123,"column":8},"end":{"line":125,"column":16}},{"start":{"line":126,"column":8},"end":{"line":128,"column":16}},{"start":{"line":129,"column":8},"end":{"line":131,"column":16}}]}},"s":{"0":1,"1":1,"2":1,"3":0,"4":0,"5":3,"6":0,"7":0,"8":3,"9":0,"10":3,"11":3,"12":3,"13":0,"14":3,"15":3,"16":0,"17":0,"18":3,"19":3,"20":0,"21":0,"22":0,"23":0,"24":3,"25":3,"26":1},"f":{"0":1,"1":0,"2":0,"3":3,"4":0,"5":0,"6":3,"7":3},"b":{"0":[1],"1":[0],"2":[3,3],"3":[0],"4":[3],"5":[0,3,0,0]}}
}
