TN:
SF:src/index.ts
FN:5,(anonymous_4)
FN:6,(anonymous_5)
FN:10,(anonymous_6)
FN:11,(anonymous_7)
FN:12,(anonymous_8)
FN:13,(anonymous_9)
FN:14,(anonymous_10)
FNF:7
FNH:1
FNDA:3,(anonymous_4)
FNDA:0,(anonymous_5)
FNDA:0,(anonymous_6)
FNDA:0,(anonymous_7)
FNDA:0,(anonymous_8)
FNDA:0,(anonymous_9)
FNDA:0,(anonymous_10)
DA:2,1
DA:5,4
DA:6,1
DA:9,1
DA:10,1
DA:11,1
DA:12,1
DA:13,1
DA:14,1
LF:9
LH:9
BRF:0
BRH:0
end_of_record
TN:
SF:src/core/event-hub.ts
FN:12,(anonymous_0)
FN:26,(anonymous_1)
FN:106,(anonymous_2)
FN:126,(anonymous_3)
FN:146,(anonymous_4)
FN:156,(anonymous_5)
FN:167,(anonymous_6)
FN:188,(anonymous_7)
FN:208,(anonymous_8)
FN:223,(anonymous_9)
FN:242,(anonymous_10)
FN:252,(anonymous_11)
FN:266,(anonymous_12)
FN:281,(anonymous_13)
FNF:14
FNH:11
FNDA:2,(anonymous_0)
FNDA:2,(anonymous_1)
FNDA:11,(anonymous_2)
FNDA:9,(anonymous_3)
FNDA:4,(anonymous_4)
FNDA:2,(anonymous_5)
FNDA:2,(anonymous_6)
FNDA:1,(anonymous_7)
FNDA:1,(anonymous_8)
FNDA:1,(anonymous_9)
FNDA:4,(anonymous_10)
FNDA:0,(anonymous_11)
FNDA:0,(anonymous_12)
FNDA:0,(anonymous_13)
DA:6,2
DA:12,2
DA:13,2
DA:14,2
DA:15,2
DA:16,2
DA:17,2
DA:18,2
DA:19,2
DA:20,2
DA:26,2
DA:27,2
DA:28,2
DA:29,2
DA:30,2
DA:31,2
DA:32,2
DA:100,2
DA:108,11
DA:115,11
DA:118,11
DA:128,9
DA:135,9
DA:138,9
DA:147,4
DA:157,2
DA:173,2
DA:194,1
DA:209,1
DA:229,1
DA:243,4
DA:253,0
DA:267,0
DA:287,0
LF:34
LH:31
BRDA:12,0,0,2
BRDA:12,0,1,2
BRDA:26,1,0,2
BRDA:26,1,1,2
BRF:4
BRH:4
end_of_record
TN:
SF:src/core/task-queue.ts
FN:37,(anonymous_0)
FN:42,(anonymous_1)
FN:48,(anonymous_2)
FN:53,(anonymous_3)
FN:58,(anonymous_4)
FN:63,(anonymous_5)
FN:65,(anonymous_6)
FN:70,(anonymous_7)
FN:75,(anonymous_8)
FN:80,(anonymous_9)
FN:81,(anonymous_10)
FNF:11
FNH:11
FNDA:13,(anonymous_0)
FNDA:26,(anonymous_1)
FNDA:15,(anonymous_2)
FNDA:4,(anonymous_3)
FNDA:8,(anonymous_4)
FNDA:2,(anonymous_5)
FNDA:4,(anonymous_6)
FNDA:4,(anonymous_7)
FNDA:1,(anonymous_8)
FNDA:26,(anonymous_9)
FNDA:31,(anonymous_10)
DA:6,2
DA:37,2
DA:39,13
DA:43,26
DA:44,26
DA:49,15
DA:54,4
DA:59,8
DA:64,2
DA:65,4
DA:66,2
DA:71,4
DA:76,1
DA:81,26
DA:84,31
DA:86,31
DA:89,31
DA:90,16
DA:94,15
LF:19
LH:19
BRDA:84,0,0,31
BRDA:84,0,1,0
BRDA:86,1,0,31
BRDA:86,1,1,0
BRDA:89,2,0,16
BRF:5
BRH:3
end_of_record
TN:
SF:src/core/utils.ts
FN:5,generateId
FN:16,delay
FN:17,(anonymous_2)
FN:25,deepCopy
FN:31,(anonymous_4)
FN:35,(anonymous_5)
FN:46,now
FN:55,errorToString
FNF:8
FNH:1
FNDA:24,generateId
FNDA:0,delay
FNDA:0,(anonymous_2)
FNDA:0,deepCopy
FNDA:0,(anonymous_4)
FNDA:0,(anonymous_5)
FNDA:0,now
FNDA:0,errorToString
DA:5,2
DA:6,24
DA:16,2
DA:17,0
DA:25,2
DA:26,0
DA:27,0
DA:30,0
DA:31,0
DA:34,0
DA:35,0
DA:36,0
DA:39,0
DA:46,2
DA:47,0
DA:55,2
DA:56,0
DA:57,0
DA:59,0
LF:19
LH:6
BRDA:26,0,0,0
BRDA:26,1,0,0
BRDA:26,1,1,0
BRDA:30,2,0,0
BRDA:56,3,0,0
BRF:5
BRH:0
end_of_record
TN:
SF:src/core/worker-adapter.ts
FN:88,(anonymous_0)
FN:96,(anonymous_1)
FN:130,(anonymous_2)
FN:136,(anonymous_3)
FN:141,(anonymous_4)
FN:177,(anonymous_5)
FN:191,(anonymous_6)
FN:196,(anonymous_7)
FN:203,(anonymous_8)
FN:225,(anonymous_9)
FN:249,(anonymous_10)
FN:274,(anonymous_11)
FN:283,(anonymous_12)
FN:306,(anonymous_13)
FN:315,(anonymous_14)
FN:363,(anonymous_15)
FN:368,(anonymous_16)
FN:369,(anonymous_17)
FN:416,(anonymous_18)
FN:423,(anonymous_19)
FN:430,(anonymous_20)
FNF:21
FNH:0
FNDA:0,(anonymous_0)
FNDA:0,(anonymous_1)
FNDA:0,(anonymous_2)
FNDA:0,(anonymous_3)
FNDA:0,(anonymous_4)
FNDA:0,(anonymous_5)
FNDA:0,(anonymous_6)
FNDA:0,(anonymous_7)
FNDA:0,(anonymous_8)
FNDA:0,(anonymous_9)
FNDA:0,(anonymous_10)
FNDA:0,(anonymous_11)
FNDA:0,(anonymous_12)
FNDA:0,(anonymous_13)
FNDA:0,(anonymous_14)
FNDA:0,(anonymous_15)
FNDA:0,(anonymous_16)
FNDA:0,(anonymous_17)
FNDA:0,(anonymous_18)
FNDA:0,(anonymous_19)
FNDA:0,(anonymous_20)
DA:1,1
DA:2,1
DA:11,1
DA:42,1
DA:50,0
DA:52,0
DA:54,0
DA:56,0
DA:77,0
DA:80,0
DA:83,0
DA:89,0
DA:97,0
DA:99,0
DA:100,0
DA:103,0
DA:114,0
DA:115,0
DA:116,0
DA:117,0
DA:119,0
DA:131,0
DA:133,0
DA:136,0
DA:137,0
DA:141,0
DA:142,0
DA:143,0
DA:144,0
DA:151,0
DA:152,0
DA:155,0
DA:156,0
DA:163,0
DA:164,0
DA:165,0
DA:178,0
DA:180,0
DA:183,0
DA:191,0
DA:192,0
DA:196,0
DA:197,0
DA:198,0
DA:199,0
DA:203,0
DA:204,0
DA:205,0
DA:209,0
DA:210,0
DA:212,0
DA:213,0
DA:214,0
DA:226,0
DA:227,0
DA:230,0
DA:231,0
DA:232,0
DA:233,0
DA:234,0
DA:237,0
DA:254,0
DA:255,0
DA:259,0
DA:266,0
DA:267,0
DA:275,0
DA:276,0
DA:279,0
DA:281,0
DA:283,0
DA:284,0
DA:285,0
DA:287,0
DA:291,0
DA:292,0
DA:293,0
DA:296,0
DA:301,0
DA:304,0
DA:306,0
DA:316,0
DA:317,0
DA:320,0
DA:321,0
DA:322,0
DA:325,0
DA:328,0
DA:331,0
DA:332,0
DA:336,0
DA:337,0
DA:340,0
DA:341,0
DA:342,0
DA:343,0
DA:344,0
DA:346,0
DA:351,0
DA:352,0
DA:353,0
DA:356,0
DA:364,0
DA:365,0
DA:366,0
DA:368,0
DA:369,0
DA:370,0
DA:371,0
DA:372,0
DA:374,0
DA:375,0
DA:376,0
DA:377,0
DA:378,0
DA:379,0
DA:380,0
DA:381,0
DA:385,0
DA:386,0
DA:387,0
DA:388,0
DA:389,0
DA:396,0
DA:398,0
DA:399,0
DA:405,0
DA:406,0
DA:407,0
DA:408,0
DA:417,0
DA:424,0
DA:431,0
LF:133
LH:4
BRDA:11,0,0,1
BRDA:11,0,1,0
BRDA:100,1,0,0
BRDA:100,1,1,0
BRDA:114,2,0,0
BRDA:114,2,1,0
BRDA:114,3,0,0
BRDA:114,3,1,0
BRDA:116,4,0,0
BRDA:116,4,1,0
BRDA:116,5,0,0
BRDA:116,5,1,0
BRDA:146,6,0,0
BRDA:146,6,1,0
BRDA:155,7,0,0
BRDA:167,8,0,0
BRDA:167,8,1,0
BRDA:216,9,0,0
BRDA:216,9,1,0
BRDA:226,10,0,0
BRDA:231,11,0,0
BRDA:231,11,1,0
BRDA:233,12,0,0
BRDA:239,13,0,0
BRDA:239,13,1,0
BRDA:251,14,0,0
BRDA:254,15,0,0
BRDA:266,16,0,0
BRDA:275,17,0,0
BRDA:275,18,0,0
BRDA:275,18,1,0
BRDA:275,18,2,0
BRDA:284,19,0,0
BRDA:292,20,0,0
BRDA:298,21,0,0
BRDA:298,21,1,0
BRDA:304,22,0,0
BRDA:315,23,0,0
BRDA:316,24,0,0
BRDA:336,25,0,0
BRDA:340,26,0,0
BRDA:340,26,1,0
BRDA:342,27,0,0
BRDA:343,28,0,0
BRDA:343,28,1,0
BRDA:371,29,0,0
BRDA:371,30,0,0
BRDA:371,30,1,0
BRDA:374,31,0,0
BRDA:374,31,1,0
BRDA:378,32,0,0
BRDA:388,33,0,0
BRDA:388,33,1,0
BRDA:391,34,0,0
BRDA:391,34,1,0
BRDA:408,35,0,0
BRDA:408,35,1,0
BRDA:432,36,0,0
BRDA:432,36,1,0
BRDA:432,36,2,0
BRF:60
BRH:1
end_of_record
TN:
SF:src/core/worker-manager.ts
FN:98,(anonymous_0)
FN:108,(anonymous_1)
FN:149,(anonymous_2)
FN:153,(anonymous_3)
FN:158,(anonymous_4)
FN:184,(anonymous_5)
FN:207,(anonymous_6)
FN:221,(anonymous_7)
FN:230,(anonymous_8)
FN:238,(anonymous_9)
FN:247,(anonymous_10)
FN:265,(anonymous_11)
FN:287,(anonymous_12)
FN:304,(anonymous_13)
FN:316,(anonymous_14)
FN:334,(anonymous_15)
FN:344,(anonymous_16)
FN:365,(anonymous_17)
FNF:18
FNH:17
FNDA:22,(anonymous_0)
FNDA:25,(anonymous_1)
FNDA:1,(anonymous_2)
FNDA:1,(anonymous_3)
FNDA:5,(anonymous_4)
FNDA:3,(anonymous_5)
FNDA:2,(anonymous_6)
FNDA:5,(anonymous_7)
FNDA:8,(anonymous_8)
FNDA:1,(anonymous_9)
FNDA:5,(anonymous_10)
FNDA:6,(anonymous_11)
FNDA:2,(anonymous_12)
FNDA:1,(anonymous_13)
FNDA:0,(anonymous_14)
FNDA:24,(anonymous_15)
FNDA:1,(anonymous_16)
FNDA:36,(anonymous_17)
DA:6,1
DA:7,1
DA:8,1
DA:9,1
DA:82,1
DA:84,22
DA:86,22
DA:88,22
DA:90,22
DA:99,22
DA:101,22
DA:109,25
DA:110,0
DA:114,25
DA:115,1
DA:119,24
DA:125,24
DA:126,0
DA:127,24
DA:128,0
DA:131,24
DA:132,0
DA:133,24
DA:134,0
DA:138,24
DA:149,24
DA:150,1
DA:153,24
DA:154,1
DA:155,1
DA:158,24
DA:159,5
DA:160,5
DA:161,5
DA:162,5
DA:166,24
DA:169,24
DA:172,24
DA:175,24
DA:177,24
DA:185,3
DA:186,3
DA:189,2
DA:191,2
DA:193,2
DA:196,2
DA:197,2
DA:199,0
DA:208,2
DA:209,2
DA:210,1
DA:213,1
DA:222,5
DA:231,8
DA:239,1
DA:248,5
DA:249,5
DA:251,4
DA:254,4
DA:255,0
DA:257,4
DA:266,6
DA:267,6
DA:269,6
DA:270,7
DA:271,1
DA:272,6
DA:273,6
DA:277,6
DA:288,2
DA:290,2
DA:291,2
DA:294,2
DA:295,1
DA:305,1
DA:308,1
DA:309,1
DA:313,1
DA:314,1
DA:315,2
DA:317,0
DA:323,1
DA:326,1
DA:327,1
DA:336,24
DA:339,24
DA:340,24
DA:341,16
DA:344,8
DA:346,1
DA:347,0
DA:351,1
DA:352,1
DA:354,1
DA:358,8
DA:366,36
DA:367,36
DA:368,2
DA:369,2
LF:99
LH:90
BRDA:109,0,0,0
BRDA:114,1,0,1
BRDA:125,2,0,0
BRDA:125,2,1,24
BRDA:127,3,0,0
BRDA:131,4,0,0
BRDA:131,4,1,24
BRDA:133,5,0,0
BRDA:186,6,0,1
BRDA:209,7,0,1
BRDA:222,8,0,5
BRDA:222,8,1,1
BRDA:249,9,0,1
BRDA:254,10,0,0
BRDA:254,10,1,4
BRDA:270,11,0,1
BRDA:270,11,1,6
BRDA:272,12,0,6
BRDA:288,13,0,0
BRDA:304,14,0,1
BRDA:340,15,0,16
BRDA:340,16,0,24
BRDA:340,16,1,24
BRDA:346,17,0,0
BRDA:352,18,0,1
BRDA:367,19,0,2
BRF:26
BRH:18
end_of_record
TN:
SF:src/core/worker-pool.ts
FN:147,(anonymous_0)
FN:195,(anonymous_1)
FN:197,(anonymous_2)
FN:202,(anonymous_3)
FN:207,(anonymous_4)
FN:213,(anonymous_5)
FN:219,(anonymous_6)
FN:223,(anonymous_7)
FN:231,(anonymous_8)
FN:233,(anonymous_9)
FN:240,(anonymous_10)
FN:256,(anonymous_11)
FN:278,(anonymous_12)
FN:288,(anonymous_13)
FN:300,(anonymous_14)
FN:301,(anonymous_15)
FN:309,(anonymous_16)
FN:310,(anonymous_17)
FN:318,(anonymous_18)
FN:369,(anonymous_19)
FN:382,(anonymous_20)
FN:392,(anonymous_21)
FN:433,(anonymous_22)
FN:484,(anonymous_23)
FN:496,(anonymous_24)
FN:541,(anonymous_25)
FN:582,(anonymous_26)
FN:640,(anonymous_27)
FN:646,(anonymous_28)
FN:654,(anonymous_29)
FN:657,(anonymous_30)
FN:667,(anonymous_31)
FN:681,(anonymous_32)
FN:691,(anonymous_33)
FN:709,(anonymous_34)
FN:712,(anonymous_35)
FN:721,(anonymous_36)
FN:752,(anonymous_37)
FN:771,(anonymous_38)
FN:776,(anonymous_39)
FN:785,(anonymous_40)
FN:789,(anonymous_41)
FN:793,(anonymous_42)
FN:797,(anonymous_43)
FN:808,(anonymous_44)
FN:839,(anonymous_45)
FN:864,(anonymous_46)
FN:869,(anonymous_47)
FN:879,(anonymous_48)
FN:885,(anonymous_49)
FN:892,(anonymous_50)
FN:900,(anonymous_51)
FN:939,(anonymous_52)
FN:975,(anonymous_53)
FN:982,(anonymous_54)
FNF:55
FNH:4
FNDA:3,(anonymous_0)
FNDA:3,(anonymous_1)
FNDA:0,(anonymous_2)
FNDA:0,(anonymous_3)
FNDA:0,(anonymous_4)
FNDA:0,(anonymous_5)
FNDA:0,(anonymous_6)
FNDA:0,(anonymous_7)
FNDA:3,(anonymous_8)
FNDA:0,(anonymous_9)
FNDA:0,(anonymous_10)
FNDA:0,(anonymous_11)
FNDA:0,(anonymous_12)
FNDA:0,(anonymous_13)
FNDA:0,(anonymous_14)
FNDA:0,(anonymous_15)
FNDA:0,(anonymous_16)
FNDA:0,(anonymous_17)
FNDA:0,(anonymous_18)
FNDA:0,(anonymous_19)
FNDA:0,(anonymous_20)
FNDA:0,(anonymous_21)
FNDA:0,(anonymous_22)
FNDA:0,(anonymous_23)
FNDA:0,(anonymous_24)
FNDA:0,(anonymous_25)
FNDA:0,(anonymous_26)
FNDA:0,(anonymous_27)
FNDA:0,(anonymous_28)
FNDA:0,(anonymous_29)
FNDA:0,(anonymous_30)
FNDA:0,(anonymous_31)
FNDA:0,(anonymous_32)
FNDA:0,(anonymous_33)
FNDA:0,(anonymous_34)
FNDA:0,(anonymous_35)
FNDA:0,(anonymous_36)
FNDA:0,(anonymous_37)
FNDA:0,(anonymous_38)
FNDA:0,(anonymous_39)
FNDA:0,(anonymous_40)
FNDA:0,(anonymous_41)
FNDA:0,(anonymous_42)
FNDA:0,(anonymous_43)
FNDA:0,(anonymous_44)
FNDA:0,(anonymous_45)
FNDA:0,(anonymous_46)
FNDA:0,(anonymous_47)
FNDA:0,(anonymous_48)
FNDA:0,(anonymous_49)
FNDA:1,(anonymous_50)
FNDA:0,(anonymous_51)
FNDA:0,(anonymous_52)
FNDA:0,(anonymous_53)
FNDA:0,(anonymous_54)
DA:6,1
DA:7,1
DA:14,1
DA:15,1
DA:16,1
DA:17,1
DA:18,1
DA:94,1
DA:96,3
DA:105,3
DA:108,3
DA:111,3
DA:124,3
DA:138,3
DA:141,3
DA:148,3
DA:151,3
DA:163,3
DA:164,3
DA:167,3
DA:177,3
DA:180,3
DA:183,3
DA:185,3
DA:186,3
DA:197,3
DA:198,0
DA:199,0
DA:202,3
DA:203,0
DA:204,0
DA:207,3
DA:208,0
DA:209,0
DA:213,3
DA:214,0
DA:215,0
DA:219,3
DA:220,0
DA:223,3
DA:224,0
DA:233,3
DA:234,0
DA:240,3
DA:241,0
DA:248,0
DA:249,0
DA:250,0
DA:254,3
DA:257,0
DA:264,0
DA:265,0
DA:266,0
DA:276,3
DA:279,0
DA:289,0
DA:290,0
DA:291,0
DA:294,0
DA:301,0
DA:302,0
DA:310,0
DA:311,0
DA:320,0
DA:323,0
DA:325,0
DA:327,0
DA:329,0
DA:332,0
DA:335,0
DA:336,0
DA:339,0
DA:342,0
DA:343,0
DA:346,0
DA:347,0
DA:350,0
DA:356,0
DA:373,0
DA:375,0
DA:378,0
DA:381,0
DA:382,0
DA:384,0
DA:390,0
DA:393,0
DA:398,0
DA:400,0
DA:407,0
DA:410,0
DA:411,0
DA:417,0
DA:420,0
DA:423,0
DA:424,0
DA:434,0
DA:436,0
DA:437,0
DA:439,0
DA:440,0
DA:447,0
DA:452,0
DA:455,0
DA:456,0
DA:458,0
DA:461,0
DA:462,0
DA:464,0
DA:468,0
DA:472,0
DA:475,0
DA:485,0
DA:488,0
DA:497,0
DA:498,0
DA:500,0
DA:502,0
DA:503,0
DA:504,0
DA:507,0
DA:508,0
DA:512,0
DA:515,0
DA:516,0
DA:517,0
DA:518,0
DA:522,0
DA:525,0
DA:526,0
DA:527,0
DA:530,0
DA:532,0
DA:542,0
DA:543,0
DA:545,0
DA:547,0
DA:548,0
DA:549,0
DA:552,0
DA:553,0
DA:557,0
DA:558,0
DA:559,0
DA:560,0
DA:564,0
DA:567,0
DA:568,0
DA:569,0
DA:572,0
DA:574,0
DA:583,0
DA:585,0
DA:587,0
DA:588,0
DA:590,0
DA:591,0
DA:592,0
DA:596,0
DA:598,0
DA:600,0
DA:603,0
DA:604,0
DA:605,0
DA:606,0
DA:610,0
DA:617,0
DA:618,0
DA:619,0
DA:620,0
DA:624,0
DA:627,0
DA:628,0
DA:629,0
DA:633,0
DA:641,0
DA:644,0
DA:645,0
DA:646,0
DA:655,0
DA:656,0
DA:657,0
DA:658,0
DA:660,0
DA:668,0
DA:670,0
DA:671,0
DA:672,0
DA:675,0
DA:683,0
DA:686,0
DA:691,0
DA:703,0
DA:710,0
DA:712,0
DA:713,0
DA:726,0
DA:727,0
DA:731,0
DA:734,0
DA:737,0
DA:740,0
DA:753,0
DA:758,0
DA:759,0
DA:762,0
DA:765,0
DA:771,0
DA:772,0
DA:775,0
DA:776,0
DA:777,0
DA:778,0
DA:782,0
DA:785,0
DA:786,0
DA:789,0
DA:790,0
DA:793,0
DA:794,0
DA:797,0
DA:798,0
DA:810,0
DA:811,0
DA:815,0
DA:817,0
DA:819,0
DA:820,0
DA:824,0
DA:826,0
DA:828,0
DA:829,0
DA:832,0
DA:841,0
DA:842,0
DA:843,0
DA:847,0
DA:848,0
DA:849,0
DA:853,0
DA:854,0
DA:857,0
DA:865,0
DA:866,0
DA:867,0
DA:869,0
DA:870,0
DA:880,0
DA:881,0
DA:884,0
DA:885,0
DA:893,1
DA:901,0
DA:903,0
DA:904,0
DA:907,0
DA:908,0
DA:909,0
DA:913,0
DA:914,0
DA:915,0
DA:919,0
DA:922,0
DA:924,0
DA:926,0
DA:927,0
DA:928,0
DA:929,0
DA:935,0
DA:938,0
DA:939,0
DA:940,0
DA:941,0
DA:944,0
DA:948,0
DA:949,0
DA:950,0
DA:953,0
DA:954,0
DA:955,0
DA:956,0
DA:957,0
DA:959,0
DA:960,0
DA:964,0
DA:966,0
DA:967,0
LF:286
LH:36
BRDA:147,0,0,0
BRDA:168,1,0,3
BRDA:168,1,1,0
BRDA:169,2,0,3
BRDA:169,2,1,0
BRDA:170,3,0,3
BRDA:170,3,1,0
BRDA:185,4,0,3
BRDA:249,5,0,0
BRDA:265,6,0,0
BRDA:290,7,0,0
BRDA:320,8,0,0
BRDA:325,9,0,0
BRDA:332,10,0,0
BRDA:336,11,0,0
BRDA:378,12,0,0
BRDA:378,12,1,0
BRDA:381,13,0,0
BRDA:417,14,0,0
BRDA:434,15,0,0
BRDA:434,16,0,0
BRDA:434,16,1,0
BRDA:437,17,0,0
BRDA:437,17,1,0
BRDA:437,17,2,0
BRDA:437,17,3,0
BRDA:439,18,0,0
BRDA:439,19,0,0
BRDA:439,19,1,0
BRDA:455,20,0,0
BRDA:455,21,0,0
BRDA:455,21,1,0
BRDA:461,22,0,0
BRDA:461,23,0,0
BRDA:461,23,1,0
BRDA:498,24,0,0
BRDA:507,25,0,0
BRDA:516,26,0,0
BRDA:543,27,0,0
BRDA:548,28,0,0
BRDA:548,28,1,0
BRDA:552,29,0,0
BRDA:558,30,0,0
BRDA:585,31,0,0
BRDA:590,32,0,0
BRDA:598,33,0,0
BRDA:603,34,0,0
BRDA:605,35,0,0
BRDA:618,36,0,0
BRDA:644,37,0,0
BRDA:658,38,0,0
BRDA:670,39,0,0
BRDA:687,40,0,0
BRDA:687,40,1,0
BRDA:688,41,0,0
BRDA:688,41,1,0
BRDA:689,42,0,0
BRDA:689,42,1,0
BRDA:710,43,0,0
BRDA:723,44,0,0
BRDA:726,45,0,0
BRDA:731,46,0,0
BRDA:731,46,1,0
BRDA:734,47,0,0
BRDA:734,47,1,0
BRDA:737,48,0,0
BRDA:737,48,1,0
BRDA:749,49,0,0
BRDA:749,49,1,0
BRDA:750,50,0,0
BRDA:750,50,1,0
BRDA:775,51,0,0
BRDA:777,52,0,0
BRDA:790,53,0,0
BRDA:794,54,0,0
BRDA:798,55,0,0
BRDA:810,56,0,0
BRDA:817,57,0,0
BRDA:826,58,0,0
BRDA:842,59,0,0
BRDA:848,60,0,0
BRDA:853,61,0,0
BRDA:865,62,0,0
BRDA:865,62,1,0
BRDA:867,63,0,0
BRDA:867,63,1,0
BRDA:880,64,0,0
BRDA:900,65,0,0
BRDA:901,66,0,0
BRDA:907,67,0,0
BRDA:913,68,0,0
BRDA:924,69,0,0
BRDA:938,70,0,0
BRDA:959,71,0,0
BRF:94
BRH:4
end_of_record
TN:
SF:src/types/index.ts
FN:5,(anonymous_4)
FN:21,(anonymous_5)
FN:33,(anonymous_6)
FN:51,(anonymous_7)
FN:63,(anonymous_8)
FNF:5
FNH:5
FNDA:4,(anonymous_4)
FNDA:4,(anonymous_5)
FNDA:4,(anonymous_6)
FNDA:4,(anonymous_7)
FNDA:4,(anonymous_8)
DA:1,4
DA:5,4
DA:7,4
DA:9,4
DA:11,4
DA:13,4
DA:15,4
DA:21,4
DA:23,4
DA:25,4
DA:27,4
DA:33,4
DA:35,4
DA:37,4
DA:39,4
DA:41,4
DA:43,4
DA:45,4
DA:51,4
DA:53,4
DA:55,4
DA:57,4
DA:63,4
DA:64,4
DA:65,4
DA:66,4
DA:67,4
LF:27
LH:27
BRDA:5,0,0,4
BRDA:5,0,1,4
BRDA:21,1,0,4
BRDA:21,1,1,4
BRDA:33,2,0,4
BRDA:33,2,1,4
BRDA:51,3,0,4
BRDA:51,3,1,4
BRDA:63,4,0,4
BRDA:63,4,1,4
BRF:10
BRH:10
end_of_record
TN:
SF:src/utils/logger.ts
FN:42,(anonymous_0)
FN:53,(anonymous_1)
FN:65,(anonymous_2)
FN:74,(anonymous_3)
FN:83,(anonymous_4)
FN:92,(anonymous_5)
FN:102,(anonymous_6)
FN:141,(anonymous_7)
FNF:8
FNH:4
FNDA:1,(anonymous_0)
FNDA:0,(anonymous_1)
FNDA:0,(anonymous_2)
FNDA:3,(anonymous_3)
FNDA:0,(anonymous_4)
FNDA:0,(anonymous_5)
FNDA:3,(anonymous_6)
FNDA:3,(anonymous_7)
DA:6,1
DA:25,1
DA:43,1
DA:54,0
DA:66,0
DA:75,3
DA:84,0
DA:93,0
DA:104,3
DA:105,0
DA:109,3
DA:110,3
DA:113,3
DA:114,0
DA:118,3
DA:119,3
DA:121,0
DA:122,0
DA:124,3
DA:125,3
DA:127,0
DA:128,0
DA:130,0
DA:131,0
DA:142,3
DA:149,3
DA:156,1
LF:27
LH:15
BRDA:42,0,0,1
BRDA:104,1,0,0
BRDA:104,2,0,3
BRDA:104,2,1,3
BRDA:113,3,0,0
BRDA:118,4,0,3
BRDA:119,5,0,0
BRDA:119,5,1,3
BRDA:119,5,2,0
BRDA:119,5,3,0
BRF:10
BRH:5
end_of_record
