{"/Users/super/Documents/GitHub/visualizer/packages/animation/src/animations/fade.ts": {"path":"/Users/super/Documents/GitHub/visualizer/packages/animation/src/animations/fade.ts","statementMap":{"0":{"start":{"line":5,"column":0},"end":{"line":5,"column":46}},"1":{"start":{"line":24,"column":4},"end":{"line":24,"column":26}},"2":{"start":{"line":25,"column":4},"end":{"line":25,"column":25}},"3":{"start":{"line":29,"column":43},"end":{"line":29,"column":54}},"4":{"start":{"line":31,"column":14},"end":{"line":31,"column":60}},"5":{"start":{"line":32,"column":14},"end":{"line":32,"column":60}},"6":{"start":{"line":33,"column":16},"end":{"line":33,"column":31}},"7":{"start":{"line":36,"column":4},"end":{"line":37,"column":36}},"8":{"start":{"line":36,"column":21},"end":{"line":36,"column":42}},"9":{"start":{"line":37,"column":9},"end":{"line":37,"column":36}},"10":{"start":{"line":39,"column":4},"end":{"line":39,"column":37}},"11":{"start":{"line":20,"column":0},"end":{"line":20,"column":13}}},"fnMap":{"0":{"name":"(anonymous_0)","decl":{"start":{"line":23,"column":2},"end":{"line":23,"column":14}},"loc":{"start":{"line":23,"column":57},"end":{"line":26,"column":3}}},"1":{"name":"(anonymous_1)","decl":{"start":{"line":28,"column":2},"end":{"line":28,"column":6}},"loc":{"start":{"line":28,"column":20},"end":{"line":40,"column":3}}}},"branchMap":{"0":{"loc":{"start":{"line":29,"column":10},"end":{"line":29,"column":24}},"type":"default-arg","locations":[{"start":{"line":29,"column":23},"end":{"line":29,"column":24}}]},"1":{"loc":{"start":{"line":29,"column":26},"end":{"line":29,"column":38}},"type":"default-arg","locations":[{"start":{"line":29,"column":37},"end":{"line":29,"column":38}}]},"2":{"loc":{"start":{"line":36,"column":4},"end":{"line":37,"column":36}},"type":"if","locations":[{"start":{"line":36,"column":4},"end":{"line":37,"column":36}},{"start":{"line":37,"column":9},"end":{"line":37,"column":36}}]}},"s":{"0":0,"1":0,"2":0,"3":0,"4":0,"5":0,"6":0,"7":0,"8":0,"9":0,"10":0,"11":0},"f":{"0":0,"1":0},"b":{"0":[0],"1":[0],"2":[0,0]}}
,"/Users/super/Documents/GitHub/visualizer/packages/animation/src/animations/heartbeat.ts": {"path":"/Users/super/Documents/GitHub/visualizer/packages/animation/src/animations/heartbeat.ts","statementMap":{"0":{"start":{"line":5,"column":0},"end":{"line":5,"column":46}},"1":{"start":{"line":19,"column":4},"end":{"line":19,"column":26}},"2":{"start":{"line":20,"column":4},"end":{"line":20,"column":25}},"3":{"start":{"line":24,"column":26},"end":{"line":24,"column":37}},"4":{"start":{"line":26,"column":22},"end":{"line":26,"column":37}},"5":{"start":{"line":31,"column":4},"end":{"line":32,"column":47}},"6":{"start":{"line":31,"column":23},"end":{"line":31,"column":55}},"7":{"start":{"line":32,"column":9},"end":{"line":32,"column":47}},"8":{"start":{"line":35,"column":4},"end":{"line":39,"column":7}},"9":{"start":{"line":15,"column":0},"end":{"line":15,"column":13}}},"fnMap":{"0":{"name":"(anonymous_0)","decl":{"start":{"line":18,"column":2},"end":{"line":18,"column":14}},"loc":{"start":{"line":18,"column":62},"end":{"line":21,"column":3}}},"1":{"name":"(anonymous_1)","decl":{"start":{"line":23,"column":2},"end":{"line":23,"column":6}},"loc":{"start":{"line":23,"column":20},"end":{"line":40,"column":3}}}},"branchMap":{"0":{"loc":{"start":{"line":24,"column":10},"end":{"line":24,"column":21}},"type":"default-arg","locations":[{"start":{"line":24,"column":18},"end":{"line":24,"column":21}}]},"1":{"loc":{"start":{"line":31,"column":4},"end":{"line":32,"column":47}},"type":"if","locations":[{"start":{"line":31,"column":4},"end":{"line":32,"column":47}},{"start":{"line":32,"column":9},"end":{"line":32,"column":47}}]}},"s":{"0":0,"1":0,"2":0,"3":0,"4":0,"5":0,"6":0,"7":0,"8":0,"9":0},"f":{"0":0,"1":0},"b":{"0":[0],"1":[0,0]}}
,"/Users/super/Documents/GitHub/visualizer/packages/animation/src/animations/index.ts": {"path":"/Users/super/Documents/GitHub/visualizer/packages/animation/src/animations/index.ts","statementMap":{"0":{"start":{"line":5,"column":0},"end":{"line":5,"column":38}},"1":{"start":{"line":6,"column":0},"end":{"line":6,"column":40}},"2":{"start":{"line":7,"column":0},"end":{"line":7,"column":40}},"3":{"start":{"line":8,"column":0},"end":{"line":8,"column":34}},"4":{"start":{"line":9,"column":0},"end":{"line":9,"column":30}},"5":{"start":{"line":11,"column":0},"end":{"line":11,"column":43}},"6":{"start":{"line":13,"column":0},"end":{"line":13,"column":31}},"7":{"start":{"line":14,"column":0},"end":{"line":14,"column":33}},"8":{"start":{"line":15,"column":0},"end":{"line":15,"column":33}},"9":{"start":{"line":16,"column":0},"end":{"line":16,"column":27}},"10":{"start":{"line":17,"column":0},"end":{"line":17,"column":23}}},"fnMap":{},"branchMap":{},"s":{"0":0,"1":0,"2":0,"3":0,"4":0,"5":0,"6":0,"7":0,"8":0,"9":0,"10":0},"f":{},"b":{}}
,"/Users/super/Documents/GitHub/visualizer/packages/animation/src/animations/moving.ts": {"path":"/Users/super/Documents/GitHub/visualizer/packages/animation/src/animations/moving.ts","statementMap":{"0":{"start":{"line":5,"column":0},"end":{"line":5,"column":46}},"1":{"start":{"line":29,"column":4},"end":{"line":29,"column":26}},"2":{"start":{"line":30,"column":4},"end":{"line":30,"column":25}},"3":{"start":{"line":34,"column":27},"end":{"line":34,"column":38}},"4":{"start":{"line":36,"column":4},"end":{"line":39,"column":7}},"5":{"start":{"line":25,"column":0},"end":{"line":25,"column":13}}},"fnMap":{"0":{"name":"(anonymous_0)","decl":{"start":{"line":28,"column":2},"end":{"line":28,"column":14}},"loc":{"start":{"line":28,"column":59},"end":{"line":31,"column":3}}},"1":{"name":"(anonymous_1)","decl":{"start":{"line":33,"column":2},"end":{"line":33,"column":6}},"loc":{"start":{"line":33,"column":20},"end":{"line":40,"column":3}}}},"branchMap":{"0":{"loc":{"start":{"line":34,"column":10},"end":{"line":34,"column":15}},"type":"default-arg","locations":[{"start":{"line":34,"column":14},"end":{"line":34,"column":15}}]},"1":{"loc":{"start":{"line":34,"column":17},"end":{"line":34,"column":22}},"type":"default-arg","locations":[{"start":{"line":34,"column":21},"end":{"line":34,"column":22}}]}},"s":{"0":0,"1":0,"2":0,"3":0,"4":0,"5":0},"f":{"0":0,"1":0},"b":{"0":[0],"1":[0]}}
,"/Users/super/Documents/GitHub/visualizer/packages/animation/src/animations/rotation.ts": {"path":"/Users/super/Documents/GitHub/visualizer/packages/animation/src/animations/rotation.ts","statementMap":{"0":{"start":{"line":5,"column":0},"end":{"line":5,"column":46}},"1":{"start":{"line":19,"column":4},"end":{"line":19,"column":26}},"2":{"start":{"line":20,"column":4},"end":{"line":20,"column":25}},"3":{"start":{"line":24,"column":29},"end":{"line":24,"column":40}},"4":{"start":{"line":26,"column":4},"end":{"line":26,"column":47}},"5":{"start":{"line":15,"column":0},"end":{"line":15,"column":13}}},"fnMap":{"0":{"name":"(anonymous_0)","decl":{"start":{"line":18,"column":2},"end":{"line":18,"column":14}},"loc":{"start":{"line":18,"column":61},"end":{"line":21,"column":3}}},"1":{"name":"(anonymous_1)","decl":{"start":{"line":23,"column":2},"end":{"line":23,"column":6}},"loc":{"start":{"line":23,"column":20},"end":{"line":27,"column":3}}}},"branchMap":{"0":{"loc":{"start":{"line":24,"column":12},"end":{"line":24,"column":24}},"type":"default-arg","locations":[{"start":{"line":24,"column":20},"end":{"line":24,"column":24}}]}},"s":{"0":1,"1":2,"2":2,"3":6,"4":6,"5":1},"f":{"0":2,"1":6},"b":{"0":[3]}}
,"/Users/super/Documents/GitHub/visualizer/packages/animation/src/animations/vibration.ts": {"path":"/Users/super/Documents/GitHub/visualizer/packages/animation/src/animations/vibration.ts","statementMap":{"0":{"start":{"line":5,"column":0},"end":{"line":5,"column":46}},"1":{"start":{"line":19,"column":4},"end":{"line":19,"column":26}},"2":{"start":{"line":20,"column":4},"end":{"line":20,"column":25}},"3":{"start":{"line":26,"column":8},"end":{"line":26,"column":19}},"4":{"start":{"line":28,"column":22},"end":{"line":28,"column":31}},"5":{"start":{"line":29,"column":18},"end":{"line":29,"column":37}},"6":{"start":{"line":32,"column":4},"end":{"line":37,"column":41}},"7":{"start":{"line":32,"column":23},"end":{"line":32,"column":37}},"8":{"start":{"line":33,"column":9},"end":{"line":37,"column":41}},"9":{"start":{"line":35,"column":6},"end":{"line":35,"column":27}},"10":{"start":{"line":37,"column":9},"end":{"line":37,"column":41}},"11":{"start":{"line":39,"column":4},"end":{"line":39,"column":41}},"12":{"start":{"line":15,"column":0},"end":{"line":15,"column":13}}},"fnMap":{"0":{"name":"(anonymous_0)","decl":{"start":{"line":18,"column":2},"end":{"line":18,"column":14}},"loc":{"start":{"line":18,"column":62},"end":{"line":21,"column":3}}},"1":{"name":"(anonymous_1)","decl":{"start":{"line":23,"column":2},"end":{"line":23,"column":6}},"loc":{"start":{"line":23,"column":20},"end":{"line":40,"column":3}}}},"branchMap":{"0":{"loc":{"start":{"line":25,"column":6},"end":{"line":25,"column":32}},"type":"default-arg","locations":[{"start":{"line":25,"column":14},"end":{"line":25,"column":32}}]},"1":{"loc":{"start":{"line":32,"column":4},"end":{"line":37,"column":41}},"type":"if","locations":[{"start":{"line":32,"column":4},"end":{"line":37,"column":41}},{"start":{"line":33,"column":9},"end":{"line":37,"column":41}}]},"2":{"loc":{"start":{"line":33,"column":9},"end":{"line":37,"column":41}},"type":"if","locations":[{"start":{"line":33,"column":9},"end":{"line":37,"column":41}},{"start":{"line":37,"column":9},"end":{"line":37,"column":41}}]}},"s":{"0":0,"1":0,"2":0,"3":0,"4":0,"5":0,"6":0,"7":0,"8":0,"9":0,"10":0,"11":0,"12":0},"f":{"0":0,"1":0},"b":{"0":[0],"1":[0,0],"2":[0,0]}}
,"/Users/super/Documents/GitHub/visualizer/packages/animation/src/core/Animation.ts": {"path":"/Users/super/Documents/GitHub/visualizer/packages/animation/src/core/Animation.ts","statementMap":{"0":{"start":{"line":6,"column":0},"end":{"line":6,"column":33}},"1":{"start":{"line":9,"column":2},"end":{"line":11,"column":4}},"2":{"start":{"line":10,"column":4},"end":{"line":10,"column":44}},"3":{"start":{"line":15,"column":2},"end":{"line":18,"column":4}},"4":{"start":{"line":16,"column":4},"end":{"line":17,"column":61}},"5":{"start":{"line":16,"column":24},"end":{"line":16,"column":64}},"6":{"start":{"line":17,"column":9},"end":{"line":17,"column":61}},"7":{"start":{"line":26,"column":12},"end":{"line":26,"column":50}},"8":{"start":{"line":29,"column":12},"end":{"line":29,"column":38}},"9":{"start":{"line":30,"column":10},"end":{"line":30,"column":37}},"10":{"start":{"line":31,"column":10},"end":{"line":31,"column":64}},"11":{"start":{"line":34,"column":4},"end":{"line":34,"column":25}},"12":{"start":{"line":35,"column":4},"end":{"line":35,"column":25}},"13":{"start":{"line":37,"column":48},"end":{"line":37,"column":59}},"14":{"start":{"line":40,"column":4},"end":{"line":46,"column":5}},"15":{"start":{"line":41,"column":6},"end":{"line":41,"column":53}},"16":{"start":{"line":42,"column":11},"end":{"line":46,"column":5}},"17":{"start":{"line":43,"column":6},"end":{"line":43,"column":22}},"18":{"start":{"line":45,"column":6},"end":{"line":45,"column":30}},"19":{"start":{"line":48,"column":4},"end":{"line":54,"column":5}},"20":{"start":{"line":49,"column":6},"end":{"line":49,"column":49}},"21":{"start":{"line":50,"column":11},"end":{"line":54,"column":5}},"22":{"start":{"line":51,"column":6},"end":{"line":51,"column":51}},"23":{"start":{"line":53,"column":6},"end":{"line":53,"column":27}},"24":{"start":{"line":56,"column":4},"end":{"line":56,"column":16}},"25":{"start":{"line":63,"column":4},"end":{"line":63,"column":16}},"26":{"start":{"line":65,"column":4},"end":{"line":65,"column":23}},"27":{"start":{"line":77,"column":4},"end":{"line":79,"column":5}},"28":{"start":{"line":78,"column":6},"end":{"line":78,"column":13}},"29":{"start":{"line":86,"column":8},"end":{"line":86,"column":19}},"30":{"start":{"line":88,"column":4},"end":{"line":88,"column":25}},"31":{"start":{"line":90,"column":21},"end":{"line":90,"column":22}},"32":{"start":{"line":91,"column":23},"end":{"line":91,"column":24}},"33":{"start":{"line":93,"column":26},"end":{"line":134,"column":5}},"34":{"start":{"line":94,"column":6},"end":{"line":94,"column":23}},"35":{"start":{"line":95,"column":6},"end":{"line":95,"column":27}},"36":{"start":{"line":97,"column":6},"end":{"line":99,"column":7}},"37":{"start":{"line":98,"column":8},"end":{"line":98,"column":15}},"38":{"start":{"line":101,"column":6},"end":{"line":104,"column":7}},"39":{"start":{"line":102,"column":8},"end":{"line":102,"column":39}},"40":{"start":{"line":103,"column":8},"end":{"line":103,"column":44}},"41":{"start":{"line":106,"column":26},"end":{"line":106,"column":56}},"42":{"start":{"line":108,"column":8},"end":{"line":108,"column":77}},"43":{"start":{"line":110,"column":23},"end":{"line":110,"column":63}},"44":{"start":{"line":111,"column":6},"end":{"line":111,"column":30}},"45":{"start":{"line":113,"column":6},"end":{"line":131,"column":7}},"46":{"start":{"line":114,"column":8},"end":{"line":114,"column":21}},"47":{"start":{"line":116,"column":8},"end":{"line":128,"column":9}},"48":{"start":{"line":117,"column":10},"end":{"line":117,"column":22}},"49":{"start":{"line":118,"column":10},"end":{"line":118,"column":25}},"50":{"start":{"line":119,"column":10},"end":{"line":119,"column":17}},"51":{"start":{"line":120,"column":15},"end":{"line":128,"column":9}},"52":{"start":{"line":121,"column":10},"end":{"line":125,"column":27}},"53":{"start":{"line":123,"column":12},"end":{"line":123,"column":25}},"54":{"start":{"line":124,"column":12},"end":{"line":124,"column":68}},"55":{"start":{"line":127,"column":10},"end":{"line":127,"column":17}},"56":{"start":{"line":130,"column":8},"end":{"line":130,"column":40}},"57":{"start":{"line":133,"column":6},"end":{"line":133,"column":55}},"58":{"start":{"line":136,"column":4},"end":{"line":136,"column":53}},"59":{"start":{"line":143,"column":4},"end":{"line":145,"column":5}},"60":{"start":{"line":144,"column":6},"end":{"line":144,"column":38}},"61":{"start":{"line":147,"column":4},"end":{"line":149,"column":5}},"62":{"start":{"line":148,"column":6},"end":{"line":148,"column":34}},"63":{"start":{"line":151,"column":4},"end":{"line":151,"column":21}},"64":{"start":{"line":152,"column":4},"end":{"line":152,"column":25}},"65":{"start":{"line":154,"column":4},"end":{"line":154,"column":26}},"66":{"start":{"line":156,"column":4},"end":{"line":156,"column":39}},"67":{"start":{"line":168,"column":4},"end":{"line":168,"column":25}},"68":{"start":{"line":175,"column":4},"end":{"line":177,"column":5}},"69":{"start":{"line":176,"column":6},"end":{"line":176,"column":13}},"70":{"start":{"line":179,"column":4},"end":{"line":180,"column":21}},"71":{"start":{"line":179,"column":19},"end":{"line":179,"column":32}},"72":{"start":{"line":180,"column":9},"end":{"line":180,"column":21}},"73":{"start":{"line":25,"column":0},"end":{"line":25,"column":13}}},"fnMap":{"0":{"name":"makeEaseOut","decl":{"start":{"line":8,"column":9},"end":{"line":8,"column":20}},"loc":{"start":{"line":8,"column":56},"end":{"line":12,"column":1}}},"1":{"name":"(anonymous_1)","decl":{"start":{"line":9,"column":9},"end":{"line":9,"column":19}},"loc":{"start":{"line":9,"column":35},"end":{"line":11,"column":3}}},"2":{"name":"makeEaseInOut","decl":{"start":{"line":14,"column":9},"end":{"line":14,"column":22}},"loc":{"start":{"line":14,"column":58},"end":{"line":19,"column":1}}},"3":{"name":"(anonymous_3)","decl":{"start":{"line":15,"column":9},"end":{"line":15,"column":19}},"loc":{"start":{"line":15,"column":35},"end":{"line":18,"column":3}}},"4":{"name":"(anonymous_4)","decl":{"start":{"line":33,"column":2},"end":{"line":33,"column":14}},"loc":{"start":{"line":33,"column":62},"end":{"line":57,"column":3}}},"5":{"name":"(anonymous_5)","decl":{"start":{"line":62,"column":2},"end":{"line":62,"column":9}},"loc":{"start":{"line":62,"column":9},"end":{"line":66,"column":3}}},"6":{"name":"(anonymous_6)","decl":{"start":{"line":71,"column":2},"end":{"line":71,"column":6}},"loc":{"start":{"line":71,"column":6},"end":{"line":71,"column":17}}},"7":{"name":"(anonymous_7)","decl":{"start":{"line":76,"column":2},"end":{"line":76,"column":7}},"loc":{"start":{"line":76,"column":7},"end":{"line":137,"column":3}}},"8":{"name":"(anonymous_8)","decl":{"start":{"line":93,"column":26},"end":{"line":93,"column":29}},"loc":{"start":{"line":93,"column":31},"end":{"line":134,"column":5}}},"9":{"name":"(anonymous_9)","decl":{"start":{"line":121,"column":37},"end":{"line":121,"column":40}},"loc":{"start":{"line":121,"column":42},"end":{"line":125,"column":11}}},"10":{"name":"(anonymous_10)","decl":{"start":{"line":142,"column":2},"end":{"line":142,"column":6}},"loc":{"start":{"line":142,"column":6},"end":{"line":157,"column":3}}},"11":{"name":"(anonymous_11)","decl":{"start":{"line":162,"column":2},"end":{"line":162,"column":6}},"loc":{"start":{"line":162,"column":20},"end":{"line":162,"column":30}}},"12":{"name":"(anonymous_12)","decl":{"start":{"line":167,"column":2},"end":{"line":167,"column":6}},"loc":{"start":{"line":167,"column":13},"end":{"line":169,"column":3}}},"13":{"name":"(anonymous_13)","decl":{"start":{"line":174,"column":2},"end":{"line":174,"column":6}},"loc":{"start":{"line":174,"column":30},"end":{"line":181,"column":3}}}},"branchMap":{"0":{"loc":{"start":{"line":16,"column":4},"end":{"line":17,"column":61}},"type":"if","locations":[{"start":{"line":16,"column":4},"end":{"line":17,"column":61}},{"start":{"line":17,"column":9},"end":{"line":17,"column":61}}]},"1":{"loc":{"start":{"line":37,"column":12},"end":{"line":37,"column":28}},"type":"default-arg","locations":[{"start":{"line":37,"column":20},"end":{"line":37,"column":28}}]},"2":{"loc":{"start":{"line":40,"column":4},"end":{"line":46,"column":5}},"type":"if","locations":[{"start":{"line":40,"column":4},"end":{"line":46,"column":5}},{"start":{"line":42,"column":11},"end":{"line":46,"column":5}}]},"3":{"loc":{"start":{"line":40,"column":8},"end":{"line":40,"column":52}},"type":"binary-expr","locations":[{"start":{"line":40,"column":8},"end":{"line":40,"column":33}},{"start":{"line":40,"column":37},"end":{"line":40,"column":52}}]},"4":{"loc":{"start":{"line":42,"column":11},"end":{"line":46,"column":5}},"type":"if","locations":[{"start":{"line":42,"column":11},"end":{"line":46,"column":5}},{"start":{"line":44,"column":11},"end":{"line":46,"column":5}}]},"5":{"loc":{"start":{"line":48,"column":4},"end":{"line":54,"column":5}},"type":"if","locations":[{"start":{"line":48,"column":4},"end":{"line":54,"column":5}},{"start":{"line":50,"column":11},"end":{"line":54,"column":5}}]},"6":{"loc":{"start":{"line":50,"column":11},"end":{"line":54,"column":5}},"type":"if","locations":[{"start":{"line":50,"column":11},"end":{"line":54,"column":5}},{"start":{"line":52,"column":11},"end":{"line":54,"column":5}}]},"7":{"loc":{"start":{"line":77,"column":4},"end":{"line":79,"column":5}},"type":"if","locations":[{"start":{"line":77,"column":4},"end":{"line":79,"column":5}}]},"8":{"loc":{"start":{"line":82,"column":6},"end":{"line":82,"column":21}},"type":"default-arg","locations":[{"start":{"line":82,"column":17},"end":{"line":82,"column":21}}]},"9":{"loc":{"start":{"line":83,"column":6},"end":{"line":83,"column":15}},"type":"default-arg","locations":[{"start":{"line":83,"column":14},"end":{"line":83,"column":15}}]},"10":{"loc":{"start":{"line":84,"column":6},"end":{"line":84,"column":20}},"type":"default-arg","locations":[{"start":{"line":84,"column":15},"end":{"line":84,"column":20}}]},"11":{"loc":{"start":{"line":85,"column":6},"end":{"line":85,"column":18}},"type":"default-arg","locations":[{"start":{"line":85,"column":17},"end":{"line":85,"column":18}}]},"12":{"loc":{"start":{"line":97,"column":6},"end":{"line":99,"column":7}},"type":"if","locations":[{"start":{"line":97,"column":6},"end":{"line":99,"column":7}}]},"13":{"loc":{"start":{"line":101,"column":6},"end":{"line":104,"column":7}},"type":"if","locations":[{"start":{"line":101,"column":6},"end":{"line":104,"column":7}}]},"14":{"loc":{"start":{"line":110,"column":23},"end":{"line":110,"column":63}},"type":"binary-expr","locations":[{"start":{"line":110,"column":23},"end":{"line":110,"column":36}},{"start":{"line":110,"column":40},"end":{"line":110,"column":63}}]},"15":{"loc":{"start":{"line":113,"column":6},"end":{"line":131,"column":7}},"type":"if","locations":[{"start":{"line":113,"column":6},"end":{"line":131,"column":7}},{"start":{"line":129,"column":13},"end":{"line":131,"column":7}}]},"16":{"loc":{"start":{"line":113,"column":10},"end":{"line":113,"column":35}},"type":"binary-expr","locations":[{"start":{"line":113,"column":10},"end":{"line":113,"column":23}},{"start":{"line":113,"column":27},"end":{"line":113,"column":35}}]},"17":{"loc":{"start":{"line":116,"column":8},"end":{"line":128,"column":9}},"type":"if","locations":[{"start":{"line":116,"column":8},"end":{"line":128,"column":9}},{"start":{"line":120,"column":15},"end":{"line":128,"column":9}}]},"18":{"loc":{"start":{"line":116,"column":12},"end":{"line":116,"column":37}},"type":"binary-expr","locations":[{"start":{"line":116,"column":12},"end":{"line":116,"column":19}},{"start":{"line":116,"column":23},"end":{"line":116,"column":37}}]},"19":{"loc":{"start":{"line":120,"column":15},"end":{"line":128,"column":9}},"type":"if","locations":[{"start":{"line":120,"column":15},"end":{"line":128,"column":9}}]},"20":{"loc":{"start":{"line":143,"column":4},"end":{"line":145,"column":5}},"type":"if","locations":[{"start":{"line":143,"column":4},"end":{"line":145,"column":5}}]},"21":{"loc":{"start":{"line":147,"column":4},"end":{"line":149,"column":5}},"type":"if","locations":[{"start":{"line":147,"column":4},"end":{"line":149,"column":5}}]},"22":{"loc":{"start":{"line":175,"column":4},"end":{"line":177,"column":5}},"type":"if","locations":[{"start":{"line":175,"column":4},"end":{"line":177,"column":5}}]},"23":{"loc":{"start":{"line":179,"column":4},"end":{"line":180,"column":21}},"type":"if","locations":[{"start":{"line":179,"column":4},"end":{"line":180,"column":21}},{"start":{"line":180,"column":9},"end":{"line":180,"column":21}}]}},"s":{"0":2,"1":0,"2":0,"3":5,"4":0,"5":0,"6":0,"7":7,"8":7,"9":7,"10":7,"11":7,"12":7,"13":7,"14":7,"15":7,"16":0,"17":0,"18":0,"19":7,"20":0,"21":7,"22":5,"23":2,"24":7,"25":1,"26":1,"27":4,"28":0,"29":4,"30":4,"31":4,"32":4,"33":4,"34":0,"35":0,"36":0,"37":0,"38":0,"39":0,"40":0,"41":0,"42":0,"43":0,"44":0,"45":0,"46":0,"47":0,"48":0,"49":0,"50":0,"51":0,"52":0,"53":0,"54":0,"55":0,"56":0,"57":0,"58":4,"59":3,"60":3,"61":3,"62":0,"63":3,"64":3,"65":3,"66":3,"67":8,"68":2,"69":0,"70":2,"71":1,"72":1,"73":2},"f":{"0":0,"1":0,"2":5,"3":0,"4":7,"5":1,"6":7,"7":4,"8":0,"9":0,"10":3,"11":0,"12":8,"13":2},"b":{"0":[0,0],"1":[2],"2":[7,0],"3":[7,7],"4":[0,0],"5":[0,7],"6":[5,2],"7":[0],"8":[0],"9":[4],"10":[4],"11":[4],"12":[0],"13":[0],"14":[0,0],"15":[0,0],"16":[0,0],"17":[0,0],"18":[0,0],"19":[0],"20":[3],"21":[0],"22":[0],"23":[1,1]}}
,"/Users/super/Documents/GitHub/visualizer/packages/animation/src/core/animate.ts": {"path":"/Users/super/Documents/GitHub/visualizer/packages/animation/src/core/animate.ts","statementMap":{"0":{"start":{"line":21,"column":0},"end":{"line":21,"column":16}},"1":{"start":{"line":6,"column":0},"end":{"line":6,"column":33}},"2":{"start":{"line":9,"column":2},"end":{"line":11,"column":4}},"3":{"start":{"line":10,"column":4},"end":{"line":10,"column":44}},"4":{"start":{"line":15,"column":2},"end":{"line":18,"column":4}},"5":{"start":{"line":16,"column":4},"end":{"line":17,"column":61}},"6":{"start":{"line":16,"column":24},"end":{"line":16,"column":64}},"7":{"start":{"line":17,"column":9},"end":{"line":17,"column":61}},"8":{"start":{"line":30,"column":6},"end":{"line":30,"column":12}},"9":{"start":{"line":34,"column":2},"end":{"line":40,"column":3}},"10":{"start":{"line":35,"column":4},"end":{"line":35,"column":51}},"11":{"start":{"line":36,"column":9},"end":{"line":40,"column":3}},"12":{"start":{"line":37,"column":4},"end":{"line":37,"column":20}},"13":{"start":{"line":39,"column":4},"end":{"line":39,"column":28}},"14":{"start":{"line":42,"column":2},"end":{"line":43,"column":71}},"15":{"start":{"line":42,"column":22},"end":{"line":42,"column":62}},"16":{"start":{"line":43,"column":7},"end":{"line":43,"column":71}},"17":{"start":{"line":43,"column":29},"end":{"line":43,"column":71}},"18":{"start":{"line":45,"column":16},"end":{"line":45,"column":21}},"19":{"start":{"line":47,"column":2},"end":{"line":84,"column":4}},"20":{"start":{"line":49,"column":6},"end":{"line":49,"column":31}},"21":{"start":{"line":49,"column":19},"end":{"line":49,"column":31}},"22":{"start":{"line":51,"column":6},"end":{"line":51,"column":21}},"23":{"start":{"line":53,"column":23},"end":{"line":53,"column":24}},"24":{"start":{"line":55,"column":16},"end":{"line":72,"column":7}},"25":{"start":{"line":56,"column":8},"end":{"line":56,"column":29}},"26":{"start":{"line":56,"column":22},"end":{"line":56,"column":29}},"27":{"start":{"line":58,"column":8},"end":{"line":58,"column":61}},"28":{"start":{"line":58,"column":30},"end":{"line":58,"column":61}},"29":{"start":{"line":60,"column":28},"end":{"line":60,"column":58}},"30":{"start":{"line":61,"column":25},"end":{"line":61,"column":47}},"31":{"start":{"line":62,"column":19},"end":{"line":62,"column":64}},"32":{"start":{"line":64,"column":8},"end":{"line":64,"column":37}},"33":{"start":{"line":66,"column":8},"end":{"line":69,"column":9}},"34":{"start":{"line":67,"column":10},"end":{"line":67,"column":22}},"35":{"start":{"line":68,"column":10},"end":{"line":68,"column":25}},"36":{"start":{"line":71,"column":8},"end":{"line":71,"column":46}},"37":{"start":{"line":71,"column":21},"end":{"line":71,"column":46}},"38":{"start":{"line":74,"column":6},"end":{"line":74,"column":31}},"39":{"start":{"line":76,"column":6},"end":{"line":76,"column":18}},"40":{"start":{"line":80,"column":6},"end":{"line":80,"column":22}},"41":{"start":{"line":82,"column":6},"end":{"line":82,"column":18}}},"fnMap":{"0":{"name":"makeEaseOut","decl":{"start":{"line":8,"column":9},"end":{"line":8,"column":20}},"loc":{"start":{"line":8,"column":56},"end":{"line":12,"column":1}}},"1":{"name":"(anonymous_1)","decl":{"start":{"line":9,"column":9},"end":{"line":9,"column":19}},"loc":{"start":{"line":9,"column":35},"end":{"line":11,"column":3}}},"2":{"name":"makeEaseInOut","decl":{"start":{"line":14,"column":9},"end":{"line":14,"column":22}},"loc":{"start":{"line":14,"column":58},"end":{"line":19,"column":1}}},"3":{"name":"(anonymous_3)","decl":{"start":{"line":15,"column":9},"end":{"line":15,"column":19}},"loc":{"start":{"line":15,"column":35},"end":{"line":18,"column":3}}},"4":{"name":"animate","decl":{"start":{"line":21,"column":16},"end":{"line":21,"column":23}},"loc":{"start":{"line":21,"column":47},"end":{"line":85,"column":1}}},"5":{"name":"(anonymous_5)","decl":{"start":{"line":48,"column":11},"end":{"line":48,"column":null}},"loc":{"start":{"line":48,"column":11},"end":{"line":77,"column":5}}},"6":{"name":"(anonymous_6)","decl":{"start":{"line":55,"column":16},"end":{"line":55,"column":19}},"loc":{"start":{"line":55,"column":21},"end":{"line":72,"column":7}}},"7":{"name":"(anonymous_7)","decl":{"start":{"line":79,"column":10},"end":{"line":79,"column":null}},"loc":{"start":{"line":79,"column":10},"end":{"line":83,"column":5}}}},"branchMap":{"0":{"loc":{"start":{"line":16,"column":4},"end":{"line":17,"column":61}},"type":"if","locations":[{"start":{"line":16,"column":4},"end":{"line":17,"column":61}},{"start":{"line":17,"column":9},"end":{"line":17,"column":61}}]},"1":{"loc":{"start":{"line":23,"column":4},"end":{"line":23,"column":19}},"type":"default-arg","locations":[{"start":{"line":23,"column":15},"end":{"line":23,"column":19}}]},"2":{"loc":{"start":{"line":24,"column":4},"end":{"line":24,"column":14}},"type":"default-arg","locations":[{"start":{"line":24,"column":12},"end":{"line":24,"column":14}}]},"3":{"loc":{"start":{"line":29,"column":4},"end":{"line":29,"column":18}},"type":"default-arg","locations":[{"start":{"line":29,"column":13},"end":{"line":29,"column":18}}]},"4":{"loc":{"start":{"line":34,"column":2},"end":{"line":40,"column":3}},"type":"if","locations":[{"start":{"line":34,"column":2},"end":{"line":40,"column":3}},{"start":{"line":36,"column":9},"end":{"line":40,"column":3}}]},"5":{"loc":{"start":{"line":34,"column":6},"end":{"line":34,"column":50}},"type":"binary-expr","locations":[{"start":{"line":34,"column":6},"end":{"line":34,"column":31}},{"start":{"line":34,"column":35},"end":{"line":34,"column":50}}]},"6":{"loc":{"start":{"line":36,"column":9},"end":{"line":40,"column":3}},"type":"if","locations":[{"start":{"line":36,"column":9},"end":{"line":40,"column":3}},{"start":{"line":38,"column":9},"end":{"line":40,"column":3}}]},"7":{"loc":{"start":{"line":42,"column":2},"end":{"line":43,"column":71}},"type":"if","locations":[{"start":{"line":42,"column":2},"end":{"line":43,"column":71}},{"start":{"line":43,"column":7},"end":{"line":43,"column":71}}]},"8":{"loc":{"start":{"line":43,"column":7},"end":{"line":43,"column":71}},"type":"if","locations":[{"start":{"line":43,"column":7},"end":{"line":43,"column":71}}]},"9":{"loc":{"start":{"line":49,"column":6},"end":{"line":49,"column":31}},"type":"if","locations":[{"start":{"line":49,"column":6},"end":{"line":49,"column":31}}]},"10":{"loc":{"start":{"line":56,"column":8},"end":{"line":56,"column":29}},"type":"if","locations":[{"start":{"line":56,"column":8},"end":{"line":56,"column":29}}]},"11":{"loc":{"start":{"line":58,"column":8},"end":{"line":58,"column":61}},"type":"if","locations":[{"start":{"line":58,"column":8},"end":{"line":58,"column":61}}]},"12":{"loc":{"start":{"line":62,"column":19},"end":{"line":62,"column":64}},"type":"cond-expr","locations":[{"start":{"line":62,"column":28},"end":{"line":62,"column":40}},{"start":{"line":62,"column":43},"end":{"line":62,"column":64}}]},"13":{"loc":{"start":{"line":66,"column":8},"end":{"line":69,"column":9}},"type":"if","locations":[{"start":{"line":66,"column":8},"end":{"line":69,"column":9}}]},"14":{"loc":{"start":{"line":66,"column":12},"end":{"line":66,"column":50}},"type":"binary-expr","locations":[{"start":{"line":66,"column":12},"end":{"line":66,"column":25}},{"start":{"line":66,"column":30},"end":{"line":66,"column":37}},{"start":{"line":66,"column":41},"end":{"line":66,"column":49}}]},"15":{"loc":{"start":{"line":71,"column":8},"end":{"line":71,"column":46}},"type":"if","locations":[{"start":{"line":71,"column":8},"end":{"line":71,"column":46}}]}},"s":{"0":0,"1":0,"2":0,"3":0,"4":0,"5":0,"6":0,"7":0,"8":0,"9":0,"10":0,"11":0,"12":0,"13":0,"14":0,"15":0,"16":0,"17":0,"18":0,"19":0,"20":0,"21":0,"22":0,"23":0,"24":0,"25":0,"26":0,"27":0,"28":0,"29":0,"30":0,"31":0,"32":0,"33":0,"34":0,"35":0,"36":0,"37":0,"38":0,"39":0,"40":0,"41":0},"f":{"0":0,"1":0,"2":0,"3":0,"4":0,"5":0,"6":0,"7":0},"b":{"0":[0,0],"1":[0],"2":[0],"3":[0],"4":[0,0],"5":[0,0],"6":[0,0],"7":[0,0],"8":[0],"9":[0],"10":[0],"11":[0],"12":[0,0],"13":[0],"14":[0,0,0],"15":[0]}}
,"/Users/super/Documents/GitHub/visualizer/packages/animation/src/core/compile.ts": {"path":"/Users/super/Documents/GitHub/visualizer/packages/animation/src/core/compile.ts","statementMap":{"0":{"start":{"line":25,"column":0},"end":{"line":25,"column":16}},"1":{"start":{"line":45,"column":0},"end":{"line":45,"column":16}},"2":{"start":{"line":16,"column":13},"end":{"line":16,"column":46}},"3":{"start":{"line":29,"column":24},"end":{"line":29,"column":44}},"4":{"start":{"line":31,"column":2},"end":{"line":33,"column":3}},"5":{"start":{"line":32,"column":4},"end":{"line":32,"column":16}},"6":{"start":{"line":35,"column":25},"end":{"line":35,"column":48}},"7":{"start":{"line":36,"column":2},"end":{"line":36,"column":53}},"8":{"start":{"line":46,"column":2},"end":{"line":46,"column":34}},"9":{"start":{"line":49,"column":0},"end":{"line":49,"column":23}}},"fnMap":{"0":{"name":"compile","decl":{"start":{"line":25,"column":16},"end":{"line":25,"column":23}},"loc":{"start":{"line":27,"column":34},"end":{"line":37,"column":1}}},"1":{"name":"register","decl":{"start":{"line":45,"column":16},"end":{"line":45,"column":24}},"loc":{"start":{"line":45,"column":58},"end":{"line":47,"column":1}}}},"branchMap":{"0":{"loc":{"start":{"line":31,"column":2},"end":{"line":33,"column":3}},"type":"if","locations":[{"start":{"line":31,"column":2},"end":{"line":33,"column":3}}]},"1":{"loc":{"start":{"line":31,"column":6},"end":{"line":31,"column":48}},"type":"binary-expr","locations":[{"start":{"line":31,"column":6},"end":{"line":31,"column":20}},{"start":{"line":31,"column":24},"end":{"line":31,"column":48}}]}},"s":{"0":1,"1":1,"2":1,"3":3,"4":3,"5":2,"6":1,"7":1,"8":2,"9":1},"f":{"0":3,"1":2},"b":{"0":[2],"1":[3,2]}}
,"/Users/super/Documents/GitHub/visualizer/packages/animation/src/core/delta.ts": {"path":"/Users/super/Documents/GitHub/visualizer/packages/animation/src/core/delta.ts","statementMap":{"0":{"start":{"line":7,"column":0},"end":{"line":7,"column":16}},"1":{"start":{"line":11,"column":0},"end":{"line":11,"column":16}},"2":{"start":{"line":15,"column":0},"end":{"line":15,"column":16}},"3":{"start":{"line":19,"column":0},"end":{"line":19,"column":16}},"4":{"start":{"line":26,"column":0},"end":{"line":26,"column":16}},"5":{"start":{"line":36,"column":0},"end":{"line":36,"column":16}},"6":{"start":{"line":8,"column":2},"end":{"line":8,"column":18}},"7":{"start":{"line":12,"column":2},"end":{"line":12,"column":31}},"8":{"start":{"line":16,"column":2},"end":{"line":16,"column":43}},"9":{"start":{"line":23,"column":2},"end":{"line":23,"column":74}},"10":{"start":{"line":27,"column":2},"end":{"line":31,"column":3}},"11":{"start":{"line":27,"column":15},"end":{"line":27,"column":16}},"12":{"start":{"line":27,"column":22},"end":{"line":27,"column":23}},"13":{"start":{"line":28,"column":4},"end":{"line":30,"column":5}},"14":{"start":{"line":29,"column":6},"end":{"line":29,"column":77}},"15":{"start":{"line":33,"column":2},"end":{"line":33,"column":11}},"16":{"start":{"line":40,"column":2},"end":{"line":43,"column":4}},"17":{"start":{"line":47,"column":13},"end":{"line":54,"column":2}},"18":{"start":{"line":57,"column":0},"end":{"line":57,"column":22}}},"fnMap":{"0":{"name":"linear","decl":{"start":{"line":7,"column":16},"end":{"line":7,"column":22}},"loc":{"start":{"line":7,"column":39},"end":{"line":9,"column":1}}},"1":{"name":"quad","decl":{"start":{"line":11,"column":16},"end":{"line":11,"column":20}},"loc":{"start":{"line":11,"column":37},"end":{"line":13,"column":1}}},"2":{"name":"circ","decl":{"start":{"line":15,"column":16},"end":{"line":15,"column":20}},"loc":{"start":{"line":15,"column":37},"end":{"line":17,"column":1}}},"3":{"name":"back","decl":{"start":{"line":19,"column":16},"end":{"line":19,"column":20}},"loc":{"start":{"line":21,"column":35},"end":{"line":24,"column":1}}},"4":{"name":"bounce","decl":{"start":{"line":26,"column":16},"end":{"line":26,"column":22}},"loc":{"start":{"line":26,"column":39},"end":{"line":34,"column":1}}},"5":{"name":"elastic","decl":{"start":{"line":36,"column":16},"end":{"line":36,"column":23}},"loc":{"start":{"line":38,"column":38},"end":{"line":44,"column":1}}}},"branchMap":{"0":{"loc":{"start":{"line":21,"column":2},"end":{"line":21,"column":35}},"type":"default-arg","locations":[{"start":{"line":21,"column":25},"end":{"line":21,"column":35}}]},"1":{"loc":{"start":{"line":28,"column":4},"end":{"line":30,"column":5}},"type":"if","locations":[{"start":{"line":28,"column":4},"end":{"line":30,"column":5}}]},"2":{"loc":{"start":{"line":38,"column":2},"end":{"line":38,"column":38}},"type":"default-arg","locations":[{"start":{"line":38,"column":28},"end":{"line":38,"column":38}}]}},"s":{"0":2,"1":2,"2":2,"3":2,"4":2,"5":2,"6":0,"7":0,"8":0,"9":0,"10":0,"11":0,"12":0,"13":0,"14":0,"15":0,"16":0,"17":2,"18":2},"f":{"0":0,"1":0,"2":0,"3":0,"4":0,"5":0},"b":{"0":[0],"1":[0],"2":[0]}}
}
