TN:
SF:src/animations/fade.ts
FN:23,(anonymous_0)
FN:28,(anonymous_1)
FNF:2
FNH:0
FNDA:0,(anonymous_0)
FNDA:0,(anonymous_1)
DA:5,0
DA:20,0
DA:24,0
DA:25,0
DA:29,0
DA:31,0
DA:32,0
DA:33,0
DA:36,0
DA:37,0
DA:39,0
LF:11
LH:0
BRDA:29,0,0,0
BRDA:29,1,0,0
BRDA:36,2,0,0
BRDA:36,2,1,0
BRF:4
BRH:0
end_of_record
TN:
SF:src/animations/heartbeat.ts
FN:18,(anonymous_0)
FN:23,(anonymous_1)
FNF:2
FNH:0
FNDA:0,(anonymous_0)
FNDA:0,(anonymous_1)
DA:5,0
DA:15,0
DA:19,0
DA:20,0
DA:24,0
DA:26,0
DA:31,0
DA:32,0
DA:35,0
LF:9
LH:0
BRDA:24,0,0,0
BRDA:31,1,0,0
BRDA:31,1,1,0
BRF:3
BRH:0
end_of_record
TN:
SF:src/animations/index.ts
FNF:0
FNH:0
DA:5,0
DA:6,0
DA:7,0
DA:8,0
DA:9,0
DA:11,0
DA:13,0
DA:14,0
DA:15,0
DA:16,0
DA:17,0
LF:11
LH:0
BRF:0
BRH:0
end_of_record
TN:
SF:src/animations/moving.ts
FN:28,(anonymous_0)
FN:33,(anonymous_1)
FNF:2
FNH:0
FNDA:0,(anonymous_0)
FNDA:0,(anonymous_1)
DA:5,0
DA:25,0
DA:29,0
DA:30,0
DA:34,0
DA:36,0
LF:6
LH:0
BRDA:34,0,0,0
BRDA:34,1,0,0
BRF:2
BRH:0
end_of_record
TN:
SF:src/animations/rotation.ts
FN:18,(anonymous_0)
FN:23,(anonymous_1)
FNF:2
FNH:2
FNDA:2,(anonymous_0)
FNDA:6,(anonymous_1)
DA:5,1
DA:15,1
DA:19,2
DA:20,2
DA:24,6
DA:26,6
LF:6
LH:6
BRDA:24,0,0,3
BRF:1
BRH:1
end_of_record
TN:
SF:src/animations/vibration.ts
FN:18,(anonymous_0)
FN:23,(anonymous_1)
FNF:2
FNH:0
FNDA:0,(anonymous_0)
FNDA:0,(anonymous_1)
DA:5,0
DA:15,0
DA:19,0
DA:20,0
DA:26,0
DA:28,0
DA:29,0
DA:32,0
DA:33,0
DA:35,0
DA:37,0
DA:39,0
LF:12
LH:0
BRDA:25,0,0,0
BRDA:32,1,0,0
BRDA:32,1,1,0
BRDA:33,2,0,0
BRDA:33,2,1,0
BRF:5
BRH:0
end_of_record
TN:
SF:src/core/Animation.ts
FN:8,makeEaseOut
FN:9,(anonymous_1)
FN:14,makeEaseInOut
FN:15,(anonymous_3)
FN:33,(anonymous_4)
FN:62,(anonymous_5)
FN:71,(anonymous_6)
FN:76,(anonymous_7)
FN:93,(anonymous_8)
FN:121,(anonymous_9)
FN:142,(anonymous_10)
FN:162,(anonymous_11)
FN:167,(anonymous_12)
FN:174,(anonymous_13)
FNF:14
FNH:8
FNDA:0,makeEaseOut
FNDA:0,(anonymous_1)
FNDA:5,makeEaseInOut
FNDA:0,(anonymous_3)
FNDA:7,(anonymous_4)
FNDA:1,(anonymous_5)
FNDA:7,(anonymous_6)
FNDA:4,(anonymous_7)
FNDA:0,(anonymous_8)
FNDA:0,(anonymous_9)
FNDA:3,(anonymous_10)
FNDA:0,(anonymous_11)
FNDA:8,(anonymous_12)
FNDA:2,(anonymous_13)
DA:6,2
DA:9,0
DA:10,0
DA:15,5
DA:16,0
DA:17,0
DA:25,2
DA:26,7
DA:29,7
DA:30,7
DA:31,7
DA:34,7
DA:35,7
DA:37,7
DA:40,7
DA:41,7
DA:42,0
DA:43,0
DA:45,0
DA:48,7
DA:49,0
DA:50,7
DA:51,5
DA:53,2
DA:56,7
DA:63,1
DA:65,1
DA:77,4
DA:78,0
DA:86,4
DA:88,4
DA:90,4
DA:91,4
DA:93,4
DA:94,0
DA:95,0
DA:97,0
DA:98,0
DA:101,0
DA:102,0
DA:103,0
DA:106,0
DA:108,0
DA:110,0
DA:111,0
DA:113,0
DA:114,0
DA:116,0
DA:117,0
DA:118,0
DA:119,0
DA:120,0
DA:121,0
DA:123,0
DA:124,0
DA:127,0
DA:130,0
DA:133,0
DA:136,4
DA:143,3
DA:144,3
DA:147,3
DA:148,0
DA:151,3
DA:152,3
DA:154,3
DA:156,3
DA:168,8
DA:175,2
DA:176,0
DA:179,2
DA:180,1
LF:72
LH:37
BRDA:16,0,0,0
BRDA:16,0,1,0
BRDA:37,1,0,2
BRDA:40,2,0,7
BRDA:40,2,1,0
BRDA:40,3,0,7
BRDA:40,3,1,7
BRDA:42,4,0,0
BRDA:42,4,1,0
BRDA:48,5,0,0
BRDA:48,5,1,7
BRDA:50,6,0,5
BRDA:50,6,1,2
BRDA:77,7,0,0
BRDA:82,8,0,0
BRDA:83,9,0,4
BRDA:84,10,0,4
BRDA:85,11,0,4
BRDA:97,12,0,0
BRDA:101,13,0,0
BRDA:110,14,0,0
BRDA:110,14,1,0
BRDA:113,15,0,0
BRDA:113,15,1,0
BRDA:113,16,0,0
BRDA:113,16,1,0
BRDA:116,17,0,0
BRDA:116,17,1,0
BRDA:116,18,0,0
BRDA:116,18,1,0
BRDA:120,19,0,0
BRDA:143,20,0,3
BRDA:147,21,0,0
BRDA:175,22,0,0
BRDA:179,23,0,1
BRDA:179,23,1,1
BRF:36
BRH:13
end_of_record
TN:
SF:src/core/animate.ts
FN:8,makeEaseOut
FN:9,(anonymous_1)
FN:14,makeEaseInOut
FN:15,(anonymous_3)
FN:21,animate
FN:48,(anonymous_5)
FN:55,(anonymous_6)
FN:79,(anonymous_7)
FNF:8
FNH:0
FNDA:0,makeEaseOut
FNDA:0,(anonymous_1)
FNDA:0,makeEaseInOut
FNDA:0,(anonymous_3)
FNDA:0,animate
FNDA:0,(anonymous_5)
FNDA:0,(anonymous_6)
FNDA:0,(anonymous_7)
DA:6,0
DA:9,0
DA:10,0
DA:15,0
DA:16,0
DA:17,0
DA:21,0
DA:30,0
DA:34,0
DA:35,0
DA:36,0
DA:37,0
DA:39,0
DA:42,0
DA:43,0
DA:45,0
DA:47,0
DA:49,0
DA:51,0
DA:53,0
DA:55,0
DA:56,0
DA:58,0
DA:60,0
DA:61,0
DA:62,0
DA:64,0
DA:66,0
DA:67,0
DA:68,0
DA:71,0
DA:74,0
DA:76,0
DA:80,0
DA:82,0
LF:35
LH:0
BRDA:16,0,0,0
BRDA:16,0,1,0
BRDA:23,1,0,0
BRDA:24,2,0,0
BRDA:29,3,0,0
BRDA:34,4,0,0
BRDA:34,4,1,0
BRDA:34,5,0,0
BRDA:34,5,1,0
BRDA:36,6,0,0
BRDA:36,6,1,0
BRDA:42,7,0,0
BRDA:42,7,1,0
BRDA:43,8,0,0
BRDA:49,9,0,0
BRDA:56,10,0,0
BRDA:58,11,0,0
BRDA:62,12,0,0
BRDA:62,12,1,0
BRDA:66,13,0,0
BRDA:66,14,0,0
BRDA:66,14,1,0
BRDA:66,14,2,0
BRDA:71,15,0,0
BRF:24
BRH:0
end_of_record
TN:
SF:src/core/compile.ts
FN:25,compile
FN:45,register
FNF:2
FNH:2
FNDA:3,compile
FNDA:2,register
DA:16,1
DA:25,1
DA:29,3
DA:31,3
DA:32,2
DA:35,1
DA:36,1
DA:45,1
DA:46,2
DA:49,1
LF:10
LH:10
BRDA:31,0,0,2
BRDA:31,1,0,3
BRDA:31,1,1,2
BRF:3
BRH:3
end_of_record
TN:
SF:src/core/delta.ts
FN:7,linear
FN:11,quad
FN:15,circ
FN:19,back
FN:26,bounce
FN:36,elastic
FNF:6
FNH:0
FNDA:0,linear
FNDA:0,quad
FNDA:0,circ
FNDA:0,back
FNDA:0,bounce
FNDA:0,elastic
DA:7,2
DA:8,0
DA:11,2
DA:12,0
DA:15,2
DA:16,0
DA:19,2
DA:23,0
DA:26,2
DA:27,0
DA:28,0
DA:29,0
DA:33,0
DA:36,2
DA:40,0
DA:47,2
DA:57,2
LF:17
LH:8
BRDA:21,0,0,0
BRDA:28,1,0,0
BRDA:38,2,0,0
BRF:3
BRH:0
end_of_record
